Using pre-set license
Built from '2022.3/staging' branch; Version is '2022.3.24f1 (334eb2a0b267) revision 3362482'; Using compiler version '192829333'; Build Type 'Release'
OS: 'Windows 10  (10.0.19045) 64bit Core' Language: 'en' Physical Memory: 32677 MB
BatchMode: 1, IsHumanControllingUs: 0, StartBugReporterOnCrash: 0, Is64bit: 1, IsPro: 1

COMMAND LINE ARGUMENTS:
C:\Program Files\Unity\Hub\Editor\2022.3.24f1\Editor\Unity.exe
-adb2
-batchMode
-noUpm
-name
AssetImportWorker6
-projectPath
E:/UnityProjects/Catventure/catventure/Catventure
-logFile
Logs/AssetImportWorker6.log
-srvPort
53742
Successfully changed project path to: E:/UnityProjects/Catventure/catventure/Catventure
E:/UnityProjects/Catventure/catventure/Catventure
[UnityMemory] Configuration Parameters - Can be set up in boot.config
    "memorysetup-bucket-allocator-granularity=16"
    "memorysetup-bucket-allocator-bucket-count=8"
    "memorysetup-bucket-allocator-block-size=33554432"
    "memorysetup-bucket-allocator-block-count=8"
    "memorysetup-main-allocator-block-size=16777216"
    "memorysetup-thread-allocator-block-size=16777216"
    "memorysetup-gfx-main-allocator-block-size=16777216"
    "memorysetup-gfx-thread-allocator-block-size=16777216"
    "memorysetup-cache-allocator-block-size=4194304"
    "memorysetup-typetree-allocator-block-size=2097152"
    "memorysetup-profiler-bucket-allocator-granularity=16"
    "memorysetup-profiler-bucket-allocator-bucket-count=8"
    "memorysetup-profiler-bucket-allocator-block-size=33554432"
    "memorysetup-profiler-bucket-allocator-block-count=8"
    "memorysetup-profiler-allocator-block-size=16777216"
    "memorysetup-profiler-editor-allocator-block-size=1048576"
    "memorysetup-temp-allocator-size-main=16777216"
    "memorysetup-job-temp-allocator-block-size=2097152"
    "memorysetup-job-temp-allocator-block-size-background=1048576"
    "memorysetup-job-temp-allocator-reduction-small-platforms=262144"
    "memorysetup-allocator-temp-initial-block-size-main=262144"
    "memorysetup-allocator-temp-initial-block-size-worker=262144"
    "memorysetup-temp-allocator-size-background-worker=32768"
    "memorysetup-temp-allocator-size-job-worker=262144"
    "memorysetup-temp-allocator-size-preload-manager=33554432"
    "memorysetup-temp-allocator-size-nav-mesh-worker=65536"
    "memorysetup-temp-allocator-size-audio-worker=65536"
    "memorysetup-temp-allocator-size-cloud-worker=32768"
    "memorysetup-temp-allocator-size-gi-baking-worker=262144"
    "memorysetup-temp-allocator-size-gfx=262144"
Player connection [4480] Host "[IP] 192.168.1.178 [Port] 0 [Flags] 2 [Guid] 2394589045 [EditorId] 2394589045 [Version] 1048832 [Id] WindowsEditor(7,DESKTOP-R8MS14Q) [Debug] 1 [PackageName] WindowsEditor [ProjectName] Editor" joined multi-casting on [225.0.0.222:54997]...

Player connection [4480] Host "[IP] 192.168.1.178 [Port] 0 [Flags] 2 [Guid] 2394589045 [EditorId] 2394589045 [Version] 1048832 [Id] WindowsEditor(7,DESKTOP-R8MS14Q) [Debug] 1 [PackageName] WindowsEditor [ProjectName] Editor" joined alternative multi-casting on [225.0.0.222:34997]...

[Physics::Module] Initialized MultithreadedJobDispatcher with 23 workers.
Refreshing native plugins compatible for Editor in 8.13 ms, found 3 plugins.
Preloading 0 native plugins for Editor in 0.00 ms.
Initialize engine version: 2022.3.24f1 (334eb2a0b267)
[Subsystems] Discovering subsystems at path C:/Program Files/Unity/Hub/Editor/2022.3.24f1/Editor/Data/Resources/UnitySubsystems
[Subsystems] Discovering subsystems at path E:/UnityProjects/Catventure/catventure/Catventure/Assets
GfxDevice: creating device client; threaded=0; jobified=0
Direct3D:
    Version:  Direct3D 11.0 [level 11.1]
    Renderer: NVIDIA GeForce RTX 3070 (ID=0x2488)
    Vendor:   NVIDIA
    VRAM:     8018 MB
    Driver:   32.0.15.5612
Initialize mono
Mono path[0] = 'C:/Program Files/Unity/Hub/Editor/2022.3.24f1/Editor/Data/Managed'
Mono path[1] = 'C:/Program Files/Unity/Hub/Editor/2022.3.24f1/Editor/Data/MonoBleedingEdge/lib/mono/unityjit-win32'
Mono config path = 'C:/Program Files/Unity/Hub/Editor/2022.3.24f1/Editor/Data/MonoBleedingEdge/etc'
Using monoOptions --debugger-agent=transport=dt_socket,embedding=1,server=y,suspend=n,address=127.0.0.1:56328
Begin MonoManager ReloadAssembly
Registering precompiled unity dll's ...
Register platform support module: C:/Program Files/Unity/Hub/Editor/2022.3.24f1/Editor/Data/PlaybackEngines/MacStandaloneSupport/UnityEditor.OSXStandalone.Extensions.dll
Register platform support module: C:/Program Files/Unity/Hub/Editor/2022.3.24f1/Editor/Data/PlaybackEngines/WindowsStandaloneSupport/UnityEditor.WindowsStandalone.Extensions.dll
Registered in 0.016938 seconds.
- Loaded All Assemblies, in  0.361 seconds
Native extension for WindowsStandalone target not found
Native extension for OSXStandalone target not found
Mono: successfully reloaded assembly
- Finished resetting the current domain, in  0.289 seconds
Domain Reload Profiling: 646ms
	BeginReloadAssembly (114ms)
		ExecutionOrderSort (0ms)
		DisableScriptedObjects (0ms)
		BackupInstance (0ms)
		ReleaseScriptingObjects (0ms)
		CreateAndSetChildDomain (1ms)
	RebuildCommonClasses (33ms)
	RebuildNativeTypeToScriptingClass (11ms)
	initialDomainReloadingComplete (71ms)
	LoadAllAssembliesAndSetupDomain (128ms)
		LoadAssemblies (111ms)
		RebuildTransferFunctionScriptingTraits (0ms)
		AnalyzeDomain (126ms)
			TypeCache.Refresh (124ms)
				TypeCache.ScanAssembly (111ms)
			ScanForSourceGeneratedMonoScriptInfo (0ms)
			ResolveRequiredComponents (1ms)
	FinalizeReload (289ms)
		ReleaseScriptCaches (0ms)
		RebuildScriptCaches (0ms)
		SetupLoadedEditorAssemblies (233ms)
			LogAssemblyErrors (0ms)
			InitializePlatformSupportModulesInManaged (19ms)
			SetLoadedEditorAssemblies (6ms)
			RefreshPlugins (0ms)
			BeforeProcessingInitializeOnLoad (2ms)
			ProcessInitializeOnLoadAttributes (157ms)
			ProcessInitializeOnLoadMethodAttributes (48ms)
			AfterProcessingInitializeOnLoad (0ms)
			EditorAssembliesLoaded (0ms)
		ExecutionOrderSort2 (0ms)
		AwakeInstancesAfterBackupRestoration (0ms)
========================================================================
Worker process is ready to serve import requests
Begin MonoManager ReloadAssembly
- Loaded All Assemblies, in  0.636 seconds
Refreshing native plugins compatible for Editor in 3.04 ms, found 3 plugins.
Native extension for WindowsStandalone target not found
Native extension for OSXStandalone target not found
Package Manager log level set to [2]
[Package Manager] Server::EnsureServerProcessIsRunning -- launch failed, reason: Unity was launched with the -noUpm command-line argument
[Package Manager] UpmClient::Send -- Unable to send message (not connected to UPM process).
[Package Manager] Cannot connect to Unity Package Manager local server
Mono: successfully reloaded assembly
- Finished resetting the current domain, in  0.567 seconds
Domain Reload Profiling: 1200ms
	BeginReloadAssembly (149ms)
		ExecutionOrderSort (0ms)
		DisableScriptedObjects (5ms)
		BackupInstance (0ms)
		ReleaseScriptingObjects (0ms)
		CreateAndSetChildDomain (23ms)
	RebuildCommonClasses (37ms)
	RebuildNativeTypeToScriptingClass (11ms)
	initialDomainReloadingComplete (48ms)
	LoadAllAssembliesAndSetupDomain (387ms)
		LoadAssemblies (294ms)
		RebuildTransferFunctionScriptingTraits (0ms)
		AnalyzeDomain (180ms)
			TypeCache.Refresh (157ms)
				TypeCache.ScanAssembly (142ms)
			ScanForSourceGeneratedMonoScriptInfo (15ms)
			ResolveRequiredComponents (6ms)
	FinalizeReload (568ms)
		ReleaseScriptCaches (0ms)
		RebuildScriptCaches (0ms)
		SetupLoadedEditorAssemblies (432ms)
			LogAssemblyErrors (0ms)
			InitializePlatformSupportModulesInManaged (15ms)
			SetLoadedEditorAssemblies (3ms)
			RefreshPlugins (0ms)
			BeforeProcessingInitializeOnLoad (59ms)
			ProcessInitializeOnLoadAttributes (322ms)
			ProcessInitializeOnLoadMethodAttributes (18ms)
			AfterProcessingInitializeOnLoad (15ms)
			EditorAssembliesLoaded (0ms)
		ExecutionOrderSort2 (0ms)
		AwakeInstancesAfterBackupRestoration (9ms)
Launched and connected shader compiler UnityShaderCompiler.exe after 0.06 seconds
Refreshing native plugins compatible for Editor in 4.11 ms, found 3 plugins.
Preloading 0 native plugins for Editor in 0.00 ms.
Unloading 3454 Unused Serialized files (Serialized files now loaded: 0)
Unloading 60 unused Assets / (1.9 MB). Loaded Objects now: 3909.
Memory consumption went from 146.8 MB to 144.9 MB.
Total: 5.028800 ms (FindLiveObjects: 0.337500 ms CreateObjectMapping: 0.095700 ms MarkObjects: 3.775400 ms  DeleteObjects: 0.818900 ms)

AssetImportParameters requested are different than current active one (requested -> active):
  custom:container-demuxer-ogg: 62fdf1f143b41e24485cea50d1cbac27 -> 
  custom:video-decoder-ogg-theora: a1e56fd34408186e4bbccfd4996cb3dc -> 
  custom:framework-win-MediaFoundation: 216162199b28c13a410421893ffa2e32 -> 
  custom:CustomObjectIndexerAttribute: 9a22284fe3817be447336de3de66b15e -> 
  custom:container-demuxer-webm: 4f35f7cbe854078d1ac9338744f61a02 -> 
  custom:container-muxer-webm: aa71ff27fc2769a1b78a27578f13a17b -> 
  custom:video-decoder-webm-vp8: 9c59270c3fd7afecdb556c50c9e8de78 -> 
  custom:SearchIndexIgnoredProperties: e643bd26f0fe6173181afceb89e7c659 -> 
  custom:AudioImporter_EditorPlatform: d09bf68614088b80899f8185d706f6e7 -> 
  custom:video-encoder-webm-vp8: eb34c28f22e8b96e1ab97ce403110664 -> 
  custom:audio-decoder-ogg-vorbis: bf7c407c2cedff20999df2af8eb42d56 -> 
  custom:audio-encoder-webm-vorbis: bf7c407c2cedff20999df2af8eb42d56 -> 
========================================================================
Received Import Request.
  Time since last request: 6737.270369 seconds.
  path: Assets/Imported Assets/SimpleNaturePack/Models/Bush_03.fbx
  artifactKey: Guid(7b5a098d913a3c74692a2a9963dbd3ba) Importer(815301076,1909f56bfc062723c751e8b465ee728b)
Start importing Assets/Imported Assets/SimpleNaturePack/Models/Bush_03.fbx using Guid(7b5a098d913a3c74692a2a9963dbd3ba) Importer(815301076,1909f56bfc062723c751e8b465ee728b)  -> (artifact id: 'b5c95fa5a11440b49d7f0a417ab8e6b3') in 0.153082 seconds
Number of updated asset objects reloaded before import = 0
Number of asset objects unloaded after import = 15
========================================================================
Received Import Request.
  Time since last request: 0.000024 seconds.
  path: Assets/Imported Assets/SimpleNaturePack/Models/Rock_01.fbx
  artifactKey: Guid(e9089b1db16b58f4282a94e020b9c0e8) Importer(815301076,1909f56bfc062723c751e8b465ee728b)
Start importing Assets/Imported Assets/SimpleNaturePack/Models/Rock_01.fbx using Guid(e9089b1db16b58f4282a94e020b9c0e8) Importer(815301076,1909f56bfc062723c751e8b465ee728b)  -> (artifact id: 'a7b4cbd24cb10e73077c8fe9dca2ab64') in 0.013029 seconds
Number of updated asset objects reloaded before import = 0
Number of asset objects unloaded after import = 7
========================================================================
Received Import Request.
  Time since last request: 0.591011 seconds.
  path: Assets/Imported Assets/SimpleNaturePack/Prefabs/Bush_03.prefab
  artifactKey: Guid(34d3f526198dae440bb2ce6005d86055) Importer(815301076,1909f56bfc062723c751e8b465ee728b)
Start importing Assets/Imported Assets/SimpleNaturePack/Prefabs/Bush_03.prefab using Guid(34d3f526198dae440bb2ce6005d86055) Importer(815301076,1909f56bfc062723c751e8b465ee728b)  -> (artifact id: 'f6617d6255c566953f6dff59aa07029f') in 0.015277 seconds
Number of updated asset objects reloaded before import = 0
Number of asset objects unloaded after import = 18
========================================================================
Received Import Request.
  Time since last request: 0.000020 seconds.
  path: Assets/Imported Assets/SimpleNaturePack/Prefabs/Rock_04.prefab
  artifactKey: Guid(f02116c209ecd9e488fc4d2cd8996133) Importer(815301076,1909f56bfc062723c751e8b465ee728b)
Start importing Assets/Imported Assets/SimpleNaturePack/Prefabs/Rock_04.prefab using Guid(f02116c209ecd9e488fc4d2cd8996133) Importer(815301076,1909f56bfc062723c751e8b465ee728b)  -> (artifact id: '507edf64fecdd8d35d04dc18fbd0c394') in 0.009351 seconds
Number of updated asset objects reloaded before import = 0
Number of asset objects unloaded after import = 10
========================================================================
Received Import Request.
  Time since last request: 0.000027 seconds.
  path: Assets/Imported Assets/SimpleNaturePack/Prefabs/Stump_01.prefab
  artifactKey: Guid(eebb56c82efbd8d4bb0eb6bd925a0e9d) Importer(815301076,1909f56bfc062723c751e8b465ee728b)
Start importing Assets/Imported Assets/SimpleNaturePack/Prefabs/Stump_01.prefab using Guid(eebb56c82efbd8d4bb0eb6bd925a0e9d) Importer(815301076,1909f56bfc062723c751e8b465ee728b)  -> (artifact id: '898ea76b341cec5a3699094a68fa1fc1') in 0.010542 seconds
Number of updated asset objects reloaded before import = 0
Number of asset objects unloaded after import = 18
========================================================================
Received Import Request.
  Time since last request: 0.000028 seconds.
  path: Assets/Imported Assets/SimpleNaturePack/Prefabs/Ground_02.prefab
  artifactKey: Guid(e2e682b966e3f644392ffbfab511e0e2) Importer(815301076,1909f56bfc062723c751e8b465ee728b)
Start importing Assets/Imported Assets/SimpleNaturePack/Prefabs/Ground_02.prefab using Guid(e2e682b966e3f644392ffbfab511e0e2) Importer(815301076,1909f56bfc062723c751e8b465ee728b)  -> (artifact id: 'c03520c6d228051c239992c16b8f4325') in 0.007863 seconds
Number of updated asset objects reloaded before import = 0
Number of asset objects unloaded after import = 10
========================================================================
Received Import Request.
  Time since last request: 591.626776 seconds.
  path: Assets/Palmov Island/Low Poly Environment Park/Models/Environment/fountain 3.fbx
  artifactKey: Guid(a8b6e23c68553634481a2c34664c9a6c) Importer(-1,00000000000000000000000000000000)
Start importing Assets/Palmov Island/Low Poly Environment Park/Models/Environment/fountain 3.fbx using Guid(a8b6e23c68553634481a2c34664c9a6c) Importer(-1,00000000000000000000000000000000)  -> (artifact id: '8a45a8399a06043bdaae7d794e36169e') in 0.026002 seconds
Number of updated asset objects reloaded before import = 0
Number of asset objects unloaded after import = 1
========================================================================
Received Import Request.
  Time since last request: 0.002365 seconds.
  path: Assets/Palmov Island/Low Poly Environment Park/Models/Trees/sakura tree.fbx
  artifactKey: Guid(51e5bf6a6476be2438326a42e519cdc0) Importer(-1,00000000000000000000000000000000)
Start importing Assets/Palmov Island/Low Poly Environment Park/Models/Trees/sakura tree.fbx using Guid(51e5bf6a6476be2438326a42e519cdc0) Importer(-1,00000000000000000000000000000000)  -> (artifact id: '783b3021ae4bf380f25a4be4568cd1ab') in 0.022297 seconds
Number of updated asset objects reloaded before import = 0
Number of asset objects unloaded after import = 1
========================================================================
Received Import Request.
  Time since last request: 0.000022 seconds.
  path: Assets/Palmov Island/Low Poly Environment Park/Models/Trees/tree round foliage.fbx
  artifactKey: Guid(a3270467eb28a9844b22855aea1d3ae3) Importer(-1,00000000000000000000000000000000)
Start importing Assets/Palmov Island/Low Poly Environment Park/Models/Trees/tree round foliage.fbx using Guid(a3270467eb28a9844b22855aea1d3ae3) Importer(-1,00000000000000000000000000000000)  -> (artifact id: '30ef386a83e7112c534c5383df630ec4') in 0.017704 seconds
Number of updated asset objects reloaded before import = 0
Number of asset objects unloaded after import = 1
========================================================================
Received Import Request.
  Time since last request: 0.000020 seconds.
  path: Assets/Palmov Island/Low Poly Environment Park/Models/Park grounds/ground park 3.fbx
  artifactKey: Guid(d2a60a76befad44449f29737a21acbe0) Importer(-1,00000000000000000000000000000000)
Start importing Assets/Palmov Island/Low Poly Environment Park/Models/Park grounds/ground park 3.fbx using Guid(d2a60a76befad44449f29737a21acbe0) Importer(-1,00000000000000000000000000000000)  -> (artifact id: '892f66770ac5333dbe356335e043c0d0') in 0.017965 seconds
Number of updated asset objects reloaded before import = 0
Number of asset objects unloaded after import = 1
========================================================================
Received Import Request.
  Time since last request: 0.000012 seconds.
  path: Assets/Palmov Island/Low Poly Environment Park/Models/Stones/stone 5.fbx
  artifactKey: Guid(90e09742c7ce16247acd04681cc6dc77) Importer(-1,00000000000000000000000000000000)
Start importing Assets/Palmov Island/Low Poly Environment Park/Models/Stones/stone 5.fbx using Guid(90e09742c7ce16247acd04681cc6dc77) Importer(-1,00000000000000000000000000000000)  -> (artifact id: 'bd90a73cf5922569a563f5a077b724e2') in 0.016705 seconds
Number of updated asset objects reloaded before import = 0
Number of asset objects unloaded after import = 1
========================================================================
Received Import Request.
  Time since last request: 0.000022 seconds.
  path: Assets/Palmov Island/Low Poly Environment Park/Models/Environment/bench 2.fbx
  artifactKey: Guid(63f6f79d68e0e994dbb89d9516315a60) Importer(-1,00000000000000000000000000000000)
Start importing Assets/Palmov Island/Low Poly Environment Park/Models/Environment/bench 2.fbx using Guid(63f6f79d68e0e994dbb89d9516315a60) Importer(-1,00000000000000000000000000000000)  -> (artifact id: '74225a01646a85db99304c11aed54cca') in 0.016486 seconds
Number of updated asset objects reloaded before import = 0
Number of asset objects unloaded after import = 1
========================================================================
Received Import Request.
  Time since last request: 0.000010 seconds.
  path: Assets/Palmov Island/Low Poly Environment Park/Models/Park grounds/ground park 7.fbx
  artifactKey: Guid(b45262532bb42d94f9747f036488abb0) Importer(-1,00000000000000000000000000000000)
Start importing Assets/Palmov Island/Low Poly Environment Park/Models/Park grounds/ground park 7.fbx using Guid(b45262532bb42d94f9747f036488abb0) Importer(-1,00000000000000000000000000000000)  -> (artifact id: '57235cefcbd6c7c79713fe747619804b') in 0.016149 seconds
Number of updated asset objects reloaded before import = 0
Number of asset objects unloaded after import = 1
========================================================================
Received Import Request.
  Time since last request: 0.000011 seconds.
  path: Assets/Palmov Island/Low Poly Environment Park/Models/Environment/trash can 1.fbx
  artifactKey: Guid(95644c8c819323d429fc5f07e225e781) Importer(-1,00000000000000000000000000000000)
Start importing Assets/Palmov Island/Low Poly Environment Park/Models/Environment/trash can 1.fbx using Guid(95644c8c819323d429fc5f07e225e781) Importer(-1,00000000000000000000000000000000)  -> (artifact id: 'c45728f0cf421945a1022938963e9b06') in 0.016297 seconds
Number of updated asset objects reloaded before import = 0
Number of asset objects unloaded after import = 1
========================================================================
Received Import Request.
  Time since last request: 0.000013 seconds.
  path: Assets/Palmov Island/Low Poly Environment Park/Models/Environment/fountain 2.fbx
  artifactKey: Guid(afabe8861a3a203408d7f4b846d4d493) Importer(-1,00000000000000000000000000000000)
Start importing Assets/Palmov Island/Low Poly Environment Park/Models/Environment/fountain 2.fbx using Guid(afabe8861a3a203408d7f4b846d4d493) Importer(-1,00000000000000000000000000000000)  -> (artifact id: '134bfcb7214c9858f24d7f4994480e12') in 0.016582 seconds
Number of updated asset objects reloaded before import = 0
Number of asset objects unloaded after import = 1
========================================================================
Received Import Request.
  Time since last request: 0.000013 seconds.
  path: Assets/Palmov Island/Low Poly Environment Park/Models/Environment/picnic bag.fbx
  artifactKey: Guid(a590a80bad6af8a4eaa19194133619d0) Importer(-1,00000000000000000000000000000000)
Start importing Assets/Palmov Island/Low Poly Environment Park/Models/Environment/picnic bag.fbx using Guid(a590a80bad6af8a4eaa19194133619d0) Importer(-1,00000000000000000000000000000000)  -> (artifact id: 'dafb927fb4bc51a5b8c5bddf835ceb24') in 0.016166 seconds
Number of updated asset objects reloaded before import = 0
Number of asset objects unloaded after import = 1
========================================================================
Received Import Request.
  Time since last request: 0.000012 seconds.
  path: Assets/Palmov Island/Low Poly Environment Park/Models/Environment/lamppost.fbx
  artifactKey: Guid(4ae667e39975ecc4fbd91f4115b24a45) Importer(-1,00000000000000000000000000000000)
Start importing Assets/Palmov Island/Low Poly Environment Park/Models/Environment/lamppost.fbx using Guid(4ae667e39975ecc4fbd91f4115b24a45) Importer(-1,00000000000000000000000000000000)  -> (artifact id: 'f9394ac147ceab2d9f5e83a19c6a6b7c') in 0.016275 seconds
Number of updated asset objects reloaded before import = 0
Number of asset objects unloaded after import = 1
========================================================================
Received Import Request.
  Time since last request: 0.000014 seconds.
  path: Assets/Palmov Island/Low Poly Environment Park/Models/Trees/palm tree.fbx
  artifactKey: Guid(4ae4eca6f92249347b03d45d75210ec6) Importer(-1,00000000000000000000000000000000)
Start importing Assets/Palmov Island/Low Poly Environment Park/Models/Trees/palm tree.fbx using Guid(4ae4eca6f92249347b03d45d75210ec6) Importer(-1,00000000000000000000000000000000)  -> (artifact id: '430216ca6608b3ad20c41eb52006f6d9') in 0.017384 seconds
Number of updated asset objects reloaded before import = 0
Number of asset objects unloaded after import = 1
========================================================================
Received Import Request.
  Time since last request: 0.000012 seconds.
  path: Assets/Palmov Island/Low Poly Environment Park/Models/Grass/grass 2.fbx
  artifactKey: Guid(8253ca105f4ae554994c59ec48e47051) Importer(-1,00000000000000000000000000000000)
Start importing Assets/Palmov Island/Low Poly Environment Park/Models/Grass/grass 2.fbx using Guid(8253ca105f4ae554994c59ec48e47051) Importer(-1,00000000000000000000000000000000)  -> (artifact id: 'e4596ef469cfd4861615eb4c6cce7306') in 0.016026 seconds
Number of updated asset objects reloaded before import = 0
Number of asset objects unloaded after import = 1
========================================================================
Received Import Request.
  Time since last request: 0.000013 seconds.
  path: Assets/Palmov Island/Low Poly Environment Park/Models/Trees/tree without leaves 2.fbx
  artifactKey: Guid(274ec8732a8485f4d8044b79d664ab71) Importer(-1,00000000000000000000000000000000)
Start importing Assets/Palmov Island/Low Poly Environment Park/Models/Trees/tree without leaves 2.fbx using Guid(274ec8732a8485f4d8044b79d664ab71) Importer(-1,00000000000000000000000000000000)  -> (artifact id: '2b15ed53160f144c7095e950520ebfc7') in 0.016482 seconds
Number of updated asset objects reloaded before import = 0
Number of asset objects unloaded after import = 1
========================================================================
Received Import Request.
  Time since last request: 0.000012 seconds.
  path: Assets/Palmov Island/Low Poly Environment Park/Models/Trees/tree white foliage.fbx
  artifactKey: Guid(dc494f2943f2dda4e89fe6e9dc50a439) Importer(-1,00000000000000000000000000000000)
Start importing Assets/Palmov Island/Low Poly Environment Park/Models/Trees/tree white foliage.fbx using Guid(dc494f2943f2dda4e89fe6e9dc50a439) Importer(-1,00000000000000000000000000000000)  -> (artifact id: '6a6465fea1a244a00aab7536ba43ca2d') in 0.017854 seconds
Number of updated asset objects reloaded before import = 0
Number of asset objects unloaded after import = 1
========================================================================
Received Import Request.
  Time since last request: 0.000035 seconds.
  path: Assets/Palmov Island/Low Poly Environment Park/Models/Environment/wooden table.fbx
  artifactKey: Guid(e4925266f9982a1429fe6760c4524c60) Importer(-1,00000000000000000000000000000000)
Start importing Assets/Palmov Island/Low Poly Environment Park/Models/Environment/wooden table.fbx using Guid(e4925266f9982a1429fe6760c4524c60) Importer(-1,00000000000000000000000000000000)  -> (artifact id: 'e5d9c307dc8f3af7733a8ebbab4fc745') in 0.016428 seconds
Number of updated asset objects reloaded before import = 0
Number of asset objects unloaded after import = 1
========================================================================
Received Import Request.
  Time since last request: 0.000017 seconds.
  path: Assets/Palmov Island/Low Poly Environment Park/Models/Trees/tree orange foliage.fbx
  artifactKey: Guid(d5bd0a2277189ce4d8bcc85c6b7df6b2) Importer(-1,00000000000000000000000000000000)
Start importing Assets/Palmov Island/Low Poly Environment Park/Models/Trees/tree orange foliage.fbx using Guid(d5bd0a2277189ce4d8bcc85c6b7df6b2) Importer(-1,00000000000000000000000000000000)  -> (artifact id: '2264b8e66d6817d6839961e392d9c2ff') in 0.016900 seconds
Number of updated asset objects reloaded before import = 0
Number of asset objects unloaded after import = 1
========================================================================
Received Import Request.
  Time since last request: 0.000015 seconds.
  path: Assets/Palmov Island/Low Poly Environment Park/Models/Environment/fountain 1.fbx
  artifactKey: Guid(18a639837c060634f83ee644df193c22) Importer(-1,00000000000000000000000000000000)
Start importing Assets/Palmov Island/Low Poly Environment Park/Models/Environment/fountain 1.fbx using Guid(18a639837c060634f83ee644df193c22) Importer(-1,00000000000000000000000000000000)  -> (artifact id: '726593165055cfd31d8e5ef8b9b0c846') in 0.017450 seconds
Number of updated asset objects reloaded before import = 0
Number of asset objects unloaded after import = 1
========================================================================
Received Import Request.
  Time since last request: 0.000015 seconds.
  path: Assets/Palmov Island/Low Poly Environment Park/Models/Environment/bridge.fbx
  artifactKey: Guid(02a2f7ba4ef86f44fb59e378f566e68f) Importer(-1,00000000000000000000000000000000)
Start importing Assets/Palmov Island/Low Poly Environment Park/Models/Environment/bridge.fbx using Guid(02a2f7ba4ef86f44fb59e378f566e68f) Importer(-1,00000000000000000000000000000000)  -> (artifact id: 'e2aaeee7435d1ffeaefcffe14384c63a') in 0.017069 seconds
Number of updated asset objects reloaded before import = 0
Number of asset objects unloaded after import = 1
========================================================================
Received Import Request.
  Time since last request: 0.000022 seconds.
  path: Assets/Palmov Island/Low Poly Environment Park/Models/Trees/fir tree 2.fbx
  artifactKey: Guid(bb9ebcc4c89d8f2449c1fc7de0fdebea) Importer(-1,00000000000000000000000000000000)
Start importing Assets/Palmov Island/Low Poly Environment Park/Models/Trees/fir tree 2.fbx using Guid(bb9ebcc4c89d8f2449c1fc7de0fdebea) Importer(-1,00000000000000000000000000000000)  -> (artifact id: '7a588377eff2f4d3e2656719184eeefa') in 0.017536 seconds
Number of updated asset objects reloaded before import = 0
Number of asset objects unloaded after import = 1
========================================================================
Received Import Request.
  Time since last request: 0.000012 seconds.
  path: Assets/Palmov Island/Low Poly Environment Park/Models/Environment/bench 1.fbx
  artifactKey: Guid(253f4f099995a0841bd45d8409fd865a) Importer(-1,00000000000000000000000000000000)
Start importing Assets/Palmov Island/Low Poly Environment Park/Models/Environment/bench 1.fbx using Guid(253f4f099995a0841bd45d8409fd865a) Importer(-1,00000000000000000000000000000000)  -> (artifact id: '7ae237ef337d5bad0901ce87378ac998') in 0.016390 seconds
Number of updated asset objects reloaded before import = 0
Number of asset objects unloaded after import = 1
========================================================================
Received Import Request.
  Time since last request: 0.000010 seconds.
  path: Assets/Palmov Island/Low Poly Environment Park/Models/Park grounds/ground park 6.fbx
  artifactKey: Guid(cbd39632b02e87e428c2cff4857291de) Importer(-1,00000000000000000000000000000000)
Start importing Assets/Palmov Island/Low Poly Environment Park/Models/Park grounds/ground park 6.fbx using Guid(cbd39632b02e87e428c2cff4857291de) Importer(-1,00000000000000000000000000000000)  -> (artifact id: '776abe429a93616ab88cbab92c3c5821') in 0.016900 seconds
Number of updated asset objects reloaded before import = 0
Number of asset objects unloaded after import = 1
========================================================================
Received Import Request.
  Time since last request: 0.000025 seconds.
  path: Assets/Palmov Island/Low Poly Environment Park/Models/Park grounds/ground park 2.fbx
  artifactKey: Guid(5dc954c13297bd14da4f7822edc06fcd) Importer(-1,00000000000000000000000000000000)
Start importing Assets/Palmov Island/Low Poly Environment Park/Models/Park grounds/ground park 2.fbx using Guid(5dc954c13297bd14da4f7822edc06fcd) Importer(-1,00000000000000000000000000000000)  -> (artifact id: '1b391b3e0f90d44bb198ac4f1249b47a') in 0.016159 seconds
Number of updated asset objects reloaded before import = 0
Number of asset objects unloaded after import = 1
========================================================================
Received Import Request.
  Time since last request: 0.000013 seconds.
  path: Assets/Palmov Island/Low Poly Environment Park/Models/Stones/stone 2.fbx
  artifactKey: Guid(08185724b7eab714ba3fcef8656d7275) Importer(-1,00000000000000000000000000000000)
Start importing Assets/Palmov Island/Low Poly Environment Park/Models/Stones/stone 2.fbx using Guid(08185724b7eab714ba3fcef8656d7275) Importer(-1,00000000000000000000000000000000)  -> (artifact id: '42f93aa5eccf0b28d1cb1cef873a9202') in 0.016376 seconds
Number of updated asset objects reloaded before import = 0
Number of asset objects unloaded after import = 1
========================================================================
Received Import Request.
  Time since last request: 0.000012 seconds.
  path: Assets/Palmov Island/Low Poly Environment Park/Models/Environment/trash can 2.fbx
  artifactKey: Guid(9f831af1ed754924cadcbb0daf93635c) Importer(-1,00000000000000000000000000000000)
Start importing Assets/Palmov Island/Low Poly Environment Park/Models/Environment/trash can 2.fbx using Guid(9f831af1ed754924cadcbb0daf93635c) Importer(-1,00000000000000000000000000000000)  -> (artifact id: '87f8f5835f4c8328ce9c0b5ade3bfca8') in 0.015874 seconds
Number of updated asset objects reloaded before import = 0
Number of asset objects unloaded after import = 1
Editor requested this worker to shutdown with reason: Scaling down because of idle timeout
TcpMessagingSession - receive error: operation aborted. errorcode: 995, details: The I/O operation has been aborted because of either a thread exit or an application request.
AssetImportWorker is now disconnected from the server
Process exiting
Exiting without the bug reporter. Application will terminate with return code 0