Using pre-set license
Built from '2022.3/staging' branch; Version is '2022.3.24f1 (334eb2a0b267) revision 3362482'; Using compiler version '192829333'; Build Type 'Release'
OS: 'Windows 10  (10.0.19045) 64bit Core' Language: 'en' Physical Memory: 32677 MB
BatchMode: 1, IsHumanControllingUs: 0, StartBugReporterOnCrash: 0, Is64bit: 1, IsPro: 1

COMMAND LINE ARGUMENTS:
C:\Program Files\Unity\Hub\Editor\2022.3.24f1\Editor\Unity.exe
-adb2
-batchMode
-noUpm
-name
AssetImportWorker8
-projectPath
E:/UnityProjects/Catventure/catventure/Catventure
-logFile
Logs/AssetImportWorker8.log
-srvPort
53742
Successfully changed project path to: E:/UnityProjects/Catventure/catventure/Catventure
E:/UnityProjects/Catventure/catventure/Catventure
[UnityMemory] Configuration Parameters - Can be set up in boot.config
    "memorysetup-bucket-allocator-granularity=16"
    "memorysetup-bucket-allocator-bucket-count=8"
    "memorysetup-bucket-allocator-block-size=33554432"
    "memorysetup-bucket-allocator-block-count=8"
    "memorysetup-main-allocator-block-size=16777216"
    "memorysetup-thread-allocator-block-size=16777216"
    "memorysetup-gfx-main-allocator-block-size=16777216"
    "memorysetup-gfx-thread-allocator-block-size=16777216"
    "memorysetup-cache-allocator-block-size=4194304"
    "memorysetup-typetree-allocator-block-size=2097152"
    "memorysetup-profiler-bucket-allocator-granularity=16"
    "memorysetup-profiler-bucket-allocator-bucket-count=8"
    "memorysetup-profiler-bucket-allocator-block-size=33554432"
    "memorysetup-profiler-bucket-allocator-block-count=8"
    "memorysetup-profiler-allocator-block-size=16777216"
    "memorysetup-profiler-editor-allocator-block-size=1048576"
    "memorysetup-temp-allocator-size-main=16777216"
    "memorysetup-job-temp-allocator-block-size=2097152"
    "memorysetup-job-temp-allocator-block-size-background=1048576"
    "memorysetup-job-temp-allocator-reduction-small-platforms=262144"
    "memorysetup-allocator-temp-initial-block-size-main=262144"
    "memorysetup-allocator-temp-initial-block-size-worker=262144"
    "memorysetup-temp-allocator-size-background-worker=32768"
    "memorysetup-temp-allocator-size-job-worker=262144"
    "memorysetup-temp-allocator-size-preload-manager=33554432"
    "memorysetup-temp-allocator-size-nav-mesh-worker=65536"
    "memorysetup-temp-allocator-size-audio-worker=65536"
    "memorysetup-temp-allocator-size-cloud-worker=32768"
    "memorysetup-temp-allocator-size-gi-baking-worker=262144"
    "memorysetup-temp-allocator-size-gfx=262144"
Player connection [37240] Host "[IP] 192.168.1.178 [Port] 0 [Flags] 2 [Guid] 1932934708 [EditorId] 1932934708 [Version] 1048832 [Id] WindowsEditor(7,DESKTOP-R8MS14Q) [Debug] 1 [PackageName] WindowsEditor [ProjectName] Editor" joined multi-casting on [225.0.0.222:54997]...

Player connection [37240] Host "[IP] 192.168.1.178 [Port] 0 [Flags] 2 [Guid] 1932934708 [EditorId] 1932934708 [Version] 1048832 [Id] WindowsEditor(7,DESKTOP-R8MS14Q) [Debug] 1 [PackageName] WindowsEditor [ProjectName] Editor" joined alternative multi-casting on [225.0.0.222:34997]...

[Physics::Module] Initialized MultithreadedJobDispatcher with 23 workers.
Refreshing native plugins compatible for Editor in 8.17 ms, found 3 plugins.
Preloading 0 native plugins for Editor in 0.00 ms.
Initialize engine version: 2022.3.24f1 (334eb2a0b267)
[Subsystems] Discovering subsystems at path C:/Program Files/Unity/Hub/Editor/2022.3.24f1/Editor/Data/Resources/UnitySubsystems
[Subsystems] Discovering subsystems at path E:/UnityProjects/Catventure/catventure/Catventure/Assets
GfxDevice: creating device client; threaded=0; jobified=0
Direct3D:
    Version:  Direct3D 11.0 [level 11.1]
    Renderer: NVIDIA GeForce RTX 3070 (ID=0x2488)
    Vendor:   NVIDIA
    VRAM:     8018 MB
    Driver:   32.0.15.5612
Initialize mono
Mono path[0] = 'C:/Program Files/Unity/Hub/Editor/2022.3.24f1/Editor/Data/Managed'
Mono path[1] = 'C:/Program Files/Unity/Hub/Editor/2022.3.24f1/Editor/Data/MonoBleedingEdge/lib/mono/unityjit-win32'
Mono config path = 'C:/Program Files/Unity/Hub/Editor/2022.3.24f1/Editor/Data/MonoBleedingEdge/etc'
Using monoOptions --debugger-agent=transport=dt_socket,embedding=1,server=y,suspend=n,address=127.0.0.1:56936
Begin MonoManager ReloadAssembly
Registering precompiled unity dll's ...
Register platform support module: C:/Program Files/Unity/Hub/Editor/2022.3.24f1/Editor/Data/PlaybackEngines/MacStandaloneSupport/UnityEditor.OSXStandalone.Extensions.dll
Register platform support module: C:/Program Files/Unity/Hub/Editor/2022.3.24f1/Editor/Data/PlaybackEngines/WindowsStandaloneSupport/UnityEditor.WindowsStandalone.Extensions.dll
Registered in 0.017173 seconds.
- Loaded All Assemblies, in  0.360 seconds
Native extension for WindowsStandalone target not found
Native extension for OSXStandalone target not found
Mono: successfully reloaded assembly
- Finished resetting the current domain, in  0.285 seconds
Domain Reload Profiling: 642ms
	BeginReloadAssembly (114ms)
		ExecutionOrderSort (0ms)
		DisableScriptedObjects (0ms)
		BackupInstance (0ms)
		ReleaseScriptingObjects (0ms)
		CreateAndSetChildDomain (1ms)
	RebuildCommonClasses (33ms)
	RebuildNativeTypeToScriptingClass (11ms)
	initialDomainReloadingComplete (71ms)
	LoadAllAssembliesAndSetupDomain (127ms)
		LoadAssemblies (110ms)
		RebuildTransferFunctionScriptingTraits (0ms)
		AnalyzeDomain (125ms)
			TypeCache.Refresh (124ms)
				TypeCache.ScanAssembly (111ms)
			ScanForSourceGeneratedMonoScriptInfo (0ms)
			ResolveRequiredComponents (0ms)
	FinalizeReload (286ms)
		ReleaseScriptCaches (0ms)
		RebuildScriptCaches (0ms)
		SetupLoadedEditorAssemblies (232ms)
			LogAssemblyErrors (0ms)
			InitializePlatformSupportModulesInManaged (19ms)
			SetLoadedEditorAssemblies (6ms)
			RefreshPlugins (0ms)
			BeforeProcessingInitializeOnLoad (2ms)
			ProcessInitializeOnLoadAttributes (159ms)
			ProcessInitializeOnLoadMethodAttributes (47ms)
			AfterProcessingInitializeOnLoad (0ms)
			EditorAssembliesLoaded (0ms)
		ExecutionOrderSort2 (0ms)
		AwakeInstancesAfterBackupRestoration (0ms)
========================================================================
Worker process is ready to serve import requests
Begin MonoManager ReloadAssembly
- Loaded All Assemblies, in  0.638 seconds
Refreshing native plugins compatible for Editor in 2.96 ms, found 3 plugins.
Native extension for WindowsStandalone target not found
Native extension for OSXStandalone target not found
Package Manager log level set to [2]
[Package Manager] Server::EnsureServerProcessIsRunning -- launch failed, reason: Unity was launched with the -noUpm command-line argument
[Package Manager] UpmClient::Send -- Unable to send message (not connected to UPM process).
[Package Manager] Cannot connect to Unity Package Manager local server
Mono: successfully reloaded assembly
- Finished resetting the current domain, in  0.566 seconds
Domain Reload Profiling: 1201ms
	BeginReloadAssembly (144ms)
		ExecutionOrderSort (0ms)
		DisableScriptedObjects (5ms)
		BackupInstance (0ms)
		ReleaseScriptingObjects (0ms)
		CreateAndSetChildDomain (20ms)
	RebuildCommonClasses (39ms)
	RebuildNativeTypeToScriptingClass (14ms)
	initialDomainReloadingComplete (48ms)
	LoadAllAssembliesAndSetupDomain (389ms)
		LoadAssemblies (293ms)
		RebuildTransferFunctionScriptingTraits (0ms)
		AnalyzeDomain (181ms)
			TypeCache.Refresh (159ms)
				TypeCache.ScanAssembly (144ms)
			ScanForSourceGeneratedMonoScriptInfo (15ms)
			ResolveRequiredComponents (6ms)
	FinalizeReload (566ms)
		ReleaseScriptCaches (0ms)
		RebuildScriptCaches (0ms)
		SetupLoadedEditorAssemblies (429ms)
			LogAssemblyErrors (0ms)
			InitializePlatformSupportModulesInManaged (16ms)
			SetLoadedEditorAssemblies (3ms)
			RefreshPlugins (0ms)
			BeforeProcessingInitializeOnLoad (60ms)
			ProcessInitializeOnLoadAttributes (318ms)
			ProcessInitializeOnLoadMethodAttributes (18ms)
			AfterProcessingInitializeOnLoad (15ms)
			EditorAssembliesLoaded (0ms)
		ExecutionOrderSort2 (0ms)
		AwakeInstancesAfterBackupRestoration (7ms)
Launched and connected shader compiler UnityShaderCompiler.exe after 0.06 seconds
Refreshing native plugins compatible for Editor in 3.80 ms, found 3 plugins.
Preloading 0 native plugins for Editor in 0.00 ms.
Unloading 3454 Unused Serialized files (Serialized files now loaded: 0)
Unloading 60 unused Assets / (1.9 MB). Loaded Objects now: 3909.
Memory consumption went from 146.8 MB to 144.9 MB.
Total: 4.274900 ms (FindLiveObjects: 0.339000 ms CreateObjectMapping: 0.098800 ms MarkObjects: 2.931000 ms  DeleteObjects: 0.905200 ms)

AssetImportParameters requested are different than current active one (requested -> active):
  custom:container-demuxer-ogg: 62fdf1f143b41e24485cea50d1cbac27 -> 
  custom:video-decoder-ogg-theora: a1e56fd34408186e4bbccfd4996cb3dc -> 
  custom:framework-win-MediaFoundation: 216162199b28c13a410421893ffa2e32 -> 
  custom:CustomObjectIndexerAttribute: 9a22284fe3817be447336de3de66b15e -> 
  custom:container-demuxer-webm: 4f35f7cbe854078d1ac9338744f61a02 -> 
  custom:container-muxer-webm: aa71ff27fc2769a1b78a27578f13a17b -> 
  custom:video-decoder-webm-vp8: 9c59270c3fd7afecdb556c50c9e8de78 -> 
  custom:SearchIndexIgnoredProperties: e643bd26f0fe6173181afceb89e7c659 -> 
  custom:AudioImporter_EditorPlatform: d09bf68614088b80899f8185d706f6e7 -> 
  custom:video-encoder-webm-vp8: eb34c28f22e8b96e1ab97ce403110664 -> 
  custom:audio-decoder-ogg-vorbis: bf7c407c2cedff20999df2af8eb42d56 -> 
  custom:audio-encoder-webm-vorbis: bf7c407c2cedff20999df2af8eb42d56 -> 
========================================================================
Received Import Request.
  Time since last request: 6737.270203 seconds.
  path: Assets/Imported Assets/SimpleNaturePack/Models/Bush_02.fbx
  artifactKey: Guid(ba52853a69186a841a52a9cc2e9b77fa) Importer(815301076,1909f56bfc062723c751e8b465ee728b)
Start importing Assets/Imported Assets/SimpleNaturePack/Models/Bush_02.fbx using Guid(ba52853a69186a841a52a9cc2e9b77fa) Importer(815301076,1909f56bfc062723c751e8b465ee728b)  -> (artifact id: '9566f9d4ce56b6b7e31fa1fa6612b379') in 0.152781 seconds
Number of updated asset objects reloaded before import = 0
Number of asset objects unloaded after import = 15
========================================================================
Received Import Request.
  Time since last request: 0.000017 seconds.
  path: Assets/Imported Assets/SimpleNaturePack/Models/Ground_01.fbx
  artifactKey: Guid(d4ad967689295ba4eaf8baeaebc8721b) Importer(815301076,1909f56bfc062723c751e8b465ee728b)
Start importing Assets/Imported Assets/SimpleNaturePack/Models/Ground_01.fbx using Guid(d4ad967689295ba4eaf8baeaebc8721b) Importer(815301076,1909f56bfc062723c751e8b465ee728b)  -> (artifact id: 'd941b9da6bb89c43962890c6b2e8c3ad') in 0.014025 seconds
Number of updated asset objects reloaded before import = 0
Number of asset objects unloaded after import = 7
========================================================================
Received Import Request.
  Time since last request: 0.590439 seconds.
  path: Assets/Imported Assets/SimpleNaturePack/Prefabs/Bush_02.prefab
  artifactKey: Guid(b71b0f8d2f881c743a85228f3030d1cb) Importer(815301076,1909f56bfc062723c751e8b465ee728b)
Start importing Assets/Imported Assets/SimpleNaturePack/Prefabs/Bush_02.prefab using Guid(b71b0f8d2f881c743a85228f3030d1cb) Importer(815301076,1909f56bfc062723c751e8b465ee728b)  -> (artifact id: 'ed5e880a88bf1613a0c626d049a042f3') in 0.013928 seconds
Number of updated asset objects reloaded before import = 0
Number of asset objects unloaded after import = 18
========================================================================
Received Import Request.
  Time since last request: 0.000019 seconds.
  path: Assets/Imported Assets/SimpleNaturePack/Prefabs/Tree_04.prefab
  artifactKey: Guid(f0c16f0ea935ea64297ca1d4d55d9746) Importer(815301076,1909f56bfc062723c751e8b465ee728b)
Start importing Assets/Imported Assets/SimpleNaturePack/Prefabs/Tree_04.prefab using Guid(f0c16f0ea935ea64297ca1d4d55d9746) Importer(815301076,1909f56bfc062723c751e8b465ee728b)  -> (artifact id: '68fa9999087de5618a9663051973f434') in 0.011815 seconds
Number of updated asset objects reloaded before import = 0
Number of asset objects unloaded after import = 18
========================================================================
Received Import Request.
  Time since last request: 0.000021 seconds.
  path: Assets/Imported Assets/SimpleNaturePack/Prefabs/Tree_02.prefab
  artifactKey: Guid(e289bf5debb17f6459818c207d781953) Importer(815301076,1909f56bfc062723c751e8b465ee728b)
Start importing Assets/Imported Assets/SimpleNaturePack/Prefabs/Tree_02.prefab using Guid(e289bf5debb17f6459818c207d781953) Importer(815301076,1909f56bfc062723c751e8b465ee728b)  -> (artifact id: 'b26e87ab9bb83894523e2744adc1325b') in 0.013007 seconds
Number of updated asset objects reloaded before import = 0
Number of asset objects unloaded after import = 18
========================================================================
Received Import Request.
  Time since last request: 0.000038 seconds.
  path: Assets/Imported Assets/SimpleNaturePack/Prefabs/Tree_05.prefab
  artifactKey: Guid(60f79905accf3b24fa0114b941f1aac0) Importer(815301076,1909f56bfc062723c751e8b465ee728b)
Start importing Assets/Imported Assets/SimpleNaturePack/Prefabs/Tree_05.prefab using Guid(60f79905accf3b24fa0114b941f1aac0) Importer(815301076,1909f56bfc062723c751e8b465ee728b)  -> (artifact id: 'de49753584e526160192a0f149f977bc') in 0.008011 seconds
Number of updated asset objects reloaded before import = 0
Number of asset objects unloaded after import = 18
========================================================================
Received Import Request.
  Time since last request: 591.590920 seconds.
  path: Assets/Palmov Island/Low Poly Environment Park/Textures/texture main.png
  artifactKey: Guid(f9d4904e1d1dab641b4199371b58e2ba) Importer(-1,00000000000000000000000000000000)
Start importing Assets/Palmov Island/Low Poly Environment Park/Textures/texture main.png using Guid(f9d4904e1d1dab641b4199371b58e2ba) Importer(-1,00000000000000000000000000000000)  -> (artifact id: 'c8dacf56fb1f5b8f1e43f226bbac50fd') in 0.018127 seconds
Number of updated asset objects reloaded before import = 0
Number of asset objects unloaded after import = 0
========================================================================
Received Import Request.
  Time since last request: 0.013322 seconds.
  path: Assets/Palmov Island/Low Poly Environment Park/Models/Trees/elongated tree.fbx
  artifactKey: Guid(d7e00f01457c3394e8da1c9b6d0b9618) Importer(-1,00000000000000000000000000000000)
Start importing Assets/Palmov Island/Low Poly Environment Park/Models/Trees/elongated tree.fbx using Guid(d7e00f01457c3394e8da1c9b6d0b9618) Importer(-1,00000000000000000000000000000000)  -> (artifact id: '99b8ab7795679ebe74d92e7ca56d77d3') in 0.022187 seconds
Number of updated asset objects reloaded before import = 0
Number of asset objects unloaded after import = 1
========================================================================
Received Import Request.
  Time since last request: 0.006430 seconds.
  path: Assets/Palmov Island/Low Poly Environment Park/Models/Grass/grass 3.fbx
  artifactKey: Guid(6b7d8ff71597e884f92dee7df1d4572b) Importer(-1,00000000000000000000000000000000)
Start importing Assets/Palmov Island/Low Poly Environment Park/Models/Grass/grass 3.fbx using Guid(6b7d8ff71597e884f92dee7df1d4572b) Importer(-1,00000000000000000000000000000000)  -> (artifact id: 'e7c39c465c0ba7dbe55c83d9e7fdaf04') in 0.018754 seconds
Number of updated asset objects reloaded before import = 0
Number of asset objects unloaded after import = 1
========================================================================
Received Import Request.
  Time since last request: 0.000017 seconds.
  path: Assets/Palmov Island/Low Poly Environment Park/Models/Grass/grass 1.fbx
  artifactKey: Guid(05cee6315ff403c47b560042975f1dc7) Importer(-1,00000000000000000000000000000000)
Start importing Assets/Palmov Island/Low Poly Environment Park/Models/Grass/grass 1.fbx using Guid(05cee6315ff403c47b560042975f1dc7) Importer(-1,00000000000000000000000000000000)  -> (artifact id: '9ae8e12996103d411630f2d7a7995e93') in 0.017340 seconds
Number of updated asset objects reloaded before import = 0
Number of asset objects unloaded after import = 1
========================================================================
Received Import Request.
  Time since last request: 0.000017 seconds.
  path: Assets/Palmov Island/Low Poly Environment Park/Models/Trees/tree swing.fbx
  artifactKey: Guid(b2f2da6f776cbcd4e861abcf56e62b1b) Importer(-1,00000000000000000000000000000000)
Start importing Assets/Palmov Island/Low Poly Environment Park/Models/Trees/tree swing.fbx using Guid(b2f2da6f776cbcd4e861abcf56e62b1b) Importer(-1,00000000000000000000000000000000)  -> (artifact id: '6b7943039d5daf776e61d5930ba2040e') in 0.020848 seconds
Number of updated asset objects reloaded before import = 0
Number of asset objects unloaded after import = 1
========================================================================
Received Import Request.
  Time since last request: 0.000022 seconds.
  path: Assets/Palmov Island/Low Poly Environment Park/Models/Stones/stone 3.fbx
  artifactKey: Guid(9e9b1fae7ec11ad418831097603aae65) Importer(-1,00000000000000000000000000000000)
Start importing Assets/Palmov Island/Low Poly Environment Park/Models/Stones/stone 3.fbx using Guid(9e9b1fae7ec11ad418831097603aae65) Importer(-1,00000000000000000000000000000000)  -> (artifact id: 'eaada07b18be9b80a7344b66c7c0bd28') in 0.016509 seconds
Number of updated asset objects reloaded before import = 0
Number of asset objects unloaded after import = 1
========================================================================
Received Import Request.
  Time since last request: 0.000025 seconds.
  path: Assets/Palmov Island/Low Poly Environment Park/Models/Environment/carpet red.fbx
  artifactKey: Guid(358b840743147954199e5da2c3d8d1b6) Importer(-1,00000000000000000000000000000000)
Start importing Assets/Palmov Island/Low Poly Environment Park/Models/Environment/carpet red.fbx using Guid(358b840743147954199e5da2c3d8d1b6) Importer(-1,00000000000000000000000000000000)  -> (artifact id: '57cbf5a52d45151f88d551d98ab01ace') in 0.016375 seconds
Number of updated asset objects reloaded before import = 0
Number of asset objects unloaded after import = 1
========================================================================
Received Import Request.
  Time since last request: 0.000017 seconds.
  path: Assets/Palmov Island/Low Poly Environment Park/Models/Trees/japanese deciduous tree.fbx
  artifactKey: Guid(98b6f40612be1ed428692ea226916db8) Importer(-1,00000000000000000000000000000000)
Start importing Assets/Palmov Island/Low Poly Environment Park/Models/Trees/japanese deciduous tree.fbx using Guid(98b6f40612be1ed428692ea226916db8) Importer(-1,00000000000000000000000000000000)  -> (artifact id: '12904e3310c75e6dbde90c4d2533de21') in 0.016880 seconds
Number of updated asset objects reloaded before import = 0
Number of asset objects unloaded after import = 1
========================================================================
Received Import Request.
  Time since last request: 0.000011 seconds.
  path: Assets/Palmov Island/Low Poly Environment Park/Models/Trees/tree without leaves 1.fbx
  artifactKey: Guid(964c82d7471b219428c7270980db4abc) Importer(-1,00000000000000000000000000000000)
Start importing Assets/Palmov Island/Low Poly Environment Park/Models/Trees/tree without leaves 1.fbx using Guid(964c82d7471b219428c7270980db4abc) Importer(-1,00000000000000000000000000000000)  -> (artifact id: 'e2f8c9bdce33008e49dcfda487ffba1b') in 0.015960 seconds
Number of updated asset objects reloaded before import = 0
Number of asset objects unloaded after import = 1
========================================================================
Received Import Request.
  Time since last request: 0.000011 seconds.
  path: Assets/Palmov Island/Low Poly Environment Park/Models/Environment/wooden bench.fbx
  artifactKey: Guid(ffe98d202d829e34a8e668c4121ecb12) Importer(-1,00000000000000000000000000000000)
Start importing Assets/Palmov Island/Low Poly Environment Park/Models/Environment/wooden bench.fbx using Guid(ffe98d202d829e34a8e668c4121ecb12) Importer(-1,00000000000000000000000000000000)  -> (artifact id: '4be736bdc8ea986bab68a70bb3b381b4') in 0.016217 seconds
Number of updated asset objects reloaded before import = 0
Number of asset objects unloaded after import = 1
========================================================================
Received Import Request.
  Time since last request: 0.000017 seconds.
  path: Assets/Palmov Island/Low Poly Environment Park/Models/Park grounds/ground park 4.fbx
  artifactKey: Guid(62105d1c79ca0454fbcca43596faf444) Importer(-1,00000000000000000000000000000000)
Start importing Assets/Palmov Island/Low Poly Environment Park/Models/Park grounds/ground park 4.fbx using Guid(62105d1c79ca0454fbcca43596faf444) Importer(-1,00000000000000000000000000000000)  -> (artifact id: 'f9fc58d78c704afec1d57115602bb572') in 0.016297 seconds
Number of updated asset objects reloaded before import = 0
Number of asset objects unloaded after import = 1
========================================================================
Received Import Request.
  Time since last request: 0.000013 seconds.
  path: Assets/Palmov Island/Low Poly Environment Park/Models/Environment/carpet blue.fbx
  artifactKey: Guid(fe6c2ca4ac3c62d47a92606f97ccc50e) Importer(-1,00000000000000000000000000000000)
Start importing Assets/Palmov Island/Low Poly Environment Park/Models/Environment/carpet blue.fbx using Guid(fe6c2ca4ac3c62d47a92606f97ccc50e) Importer(-1,00000000000000000000000000000000)  -> (artifact id: 'f6c69dece0bad53a52755c5466632169') in 0.016230 seconds
Number of updated asset objects reloaded before import = 0
Number of asset objects unloaded after import = 1
========================================================================
Received Import Request.
  Time since last request: 0.000021 seconds.
  path: Assets/Palmov Island/Low Poly Environment Park/Models/Trees/bonsai tree.fbx
  artifactKey: Guid(d1d27171321ea574a825f392c3f47e55) Importer(-1,00000000000000000000000000000000)
Start importing Assets/Palmov Island/Low Poly Environment Park/Models/Trees/bonsai tree.fbx using Guid(d1d27171321ea574a825f392c3f47e55) Importer(-1,00000000000000000000000000000000)  -> (artifact id: '1b35384c75b0b2f78bc314148d14c0dc') in 0.017043 seconds
Number of updated asset objects reloaded before import = 0
Number of asset objects unloaded after import = 1
========================================================================
Received Import Request.
  Time since last request: 0.000012 seconds.
  path: Assets/Palmov Island/Low Poly Environment Park/Models/Park grounds/ground park 1.fbx
  artifactKey: Guid(8933367ee3eaf634a89e79d8ee03c3fa) Importer(-1,00000000000000000000000000000000)
Start importing Assets/Palmov Island/Low Poly Environment Park/Models/Park grounds/ground park 1.fbx using Guid(8933367ee3eaf634a89e79d8ee03c3fa) Importer(-1,00000000000000000000000000000000)  -> (artifact id: '4ef9a36785d8dd0610a6a3b339be7ac1') in 0.016297 seconds
Number of updated asset objects reloaded before import = 0
Number of asset objects unloaded after import = 1
========================================================================
Received Import Request.
  Time since last request: 0.000017 seconds.
  path: Assets/Palmov Island/Low Poly Environment Park/Models/Trees/tall palm tree.fbx
  artifactKey: Guid(3f3a78e33d1f8ed4eb31f6c67d12ed76) Importer(-1,00000000000000000000000000000000)
Start importing Assets/Palmov Island/Low Poly Environment Park/Models/Trees/tall palm tree.fbx using Guid(3f3a78e33d1f8ed4eb31f6c67d12ed76) Importer(-1,00000000000000000000000000000000)  -> (artifact id: '47f2d9b76eabb86eb3dee3613d8f2eda') in 0.019156 seconds
Number of updated asset objects reloaded before import = 0
Number of asset objects unloaded after import = 1
========================================================================
Received Import Request.
  Time since last request: 0.000012 seconds.
  path: Assets/Palmov Island/Low Poly Environment Park/Models/Trees/birch tree.fbx
  artifactKey: Guid(a9aed04247f22704d9a0d33686def64f) Importer(-1,00000000000000000000000000000000)
Start importing Assets/Palmov Island/Low Poly Environment Park/Models/Trees/birch tree.fbx using Guid(a9aed04247f22704d9a0d33686def64f) Importer(-1,00000000000000000000000000000000)  -> (artifact id: '3b2d9e32bd22a42cd0f2cbccd21b58b3') in 0.017090 seconds
Number of updated asset objects reloaded before import = 0
Number of asset objects unloaded after import = 1
========================================================================
Received Import Request.
  Time since last request: 0.000013 seconds.
  path: Assets/Palmov Island/Low Poly Environment Park/Models/Stones/stone 1.fbx
  artifactKey: Guid(74dc3d90440e28245ae2fcadaa81b8a3) Importer(-1,00000000000000000000000000000000)
Start importing Assets/Palmov Island/Low Poly Environment Park/Models/Stones/stone 1.fbx using Guid(74dc3d90440e28245ae2fcadaa81b8a3) Importer(-1,00000000000000000000000000000000)  -> (artifact id: 'c52822255228cf2bc6146c232a445018') in 0.016917 seconds
Number of updated asset objects reloaded before import = 0
Number of asset objects unloaded after import = 1
========================================================================
Received Import Request.
  Time since last request: 0.000012 seconds.
  path: Assets/Palmov Island/Low Poly Environment Park/Models/Park grounds/ground park 5.fbx
  artifactKey: Guid(6e537d94e608ecc46ab41e300d07df53) Importer(-1,00000000000000000000000000000000)
Start importing Assets/Palmov Island/Low Poly Environment Park/Models/Park grounds/ground park 5.fbx using Guid(6e537d94e608ecc46ab41e300d07df53) Importer(-1,00000000000000000000000000000000)  -> (artifact id: 'eb88292a40f27e537030ffbd7fdbfde6') in 0.016409 seconds
Number of updated asset objects reloaded before import = 0
Number of asset objects unloaded after import = 1
========================================================================
Received Import Request.
  Time since last request: 0.000016 seconds.
  path: Assets/Palmov Island/Low Poly Environment Park/Models/Grass/grass 4.fbx
  artifactKey: Guid(97af63e2ae091c54db92acda3678e833) Importer(-1,00000000000000000000000000000000)
Start importing Assets/Palmov Island/Low Poly Environment Park/Models/Grass/grass 4.fbx using Guid(97af63e2ae091c54db92acda3678e833) Importer(-1,00000000000000000000000000000000)  -> (artifact id: '16de307fe1f06f51dfa6769858f9b3c7') in 0.016471 seconds
Number of updated asset objects reloaded before import = 0
Number of asset objects unloaded after import = 1
========================================================================
Received Import Request.
  Time since last request: 0.000019 seconds.
  path: Assets/Palmov Island/Low Poly Environment Park/Models/Trees/fir tree 1.fbx
  artifactKey: Guid(c92f6dad3c768c244ac38e1040488cd3) Importer(-1,00000000000000000000000000000000)
Start importing Assets/Palmov Island/Low Poly Environment Park/Models/Trees/fir tree 1.fbx using Guid(c92f6dad3c768c244ac38e1040488cd3) Importer(-1,00000000000000000000000000000000)  -> (artifact id: '3a8b7aa426ffa222b6cfce5f0728a2b8') in 0.016287 seconds
Number of updated asset objects reloaded before import = 0
Number of asset objects unloaded after import = 1
========================================================================
Received Import Request.
  Time since last request: 0.000020 seconds.
  path: Assets/Palmov Island/Low Poly Environment Park/Models/Trees/little palm tree.fbx
  artifactKey: Guid(86db5449b5aadf445ab8ed5f90f14410) Importer(-1,00000000000000000000000000000000)
Start importing Assets/Palmov Island/Low Poly Environment Park/Models/Trees/little palm tree.fbx using Guid(86db5449b5aadf445ab8ed5f90f14410) Importer(-1,00000000000000000000000000000000)  -> (artifact id: '647dfe256771e45520a1a519e6bee3e8') in 0.017923 seconds
Number of updated asset objects reloaded before import = 0
Number of asset objects unloaded after import = 1
========================================================================
Received Import Request.
  Time since last request: 0.000038 seconds.
  path: Assets/Palmov Island/Low Poly Environment Park/Models/Stones/stone 4.fbx
  artifactKey: Guid(f60eff158ba294b488ac5001df5115d3) Importer(-1,00000000000000000000000000000000)
Start importing Assets/Palmov Island/Low Poly Environment Park/Models/Stones/stone 4.fbx using Guid(f60eff158ba294b488ac5001df5115d3) Importer(-1,00000000000000000000000000000000)  -> (artifact id: 'b2082885e8cb6c3e0712d64950355af4') in 0.016132 seconds
Number of updated asset objects reloaded before import = 0
Number of asset objects unloaded after import = 1
========================================================================
Received Import Request.
  Time since last request: 0.000012 seconds.
  path: Assets/Palmov Island/Low Poly Environment Park/Models/Trees/tree oak.fbx
  artifactKey: Guid(b35ec297e0aa7ef498cb060427a62e12) Importer(-1,00000000000000000000000000000000)
Start importing Assets/Palmov Island/Low Poly Environment Park/Models/Trees/tree oak.fbx using Guid(b35ec297e0aa7ef498cb060427a62e12) Importer(-1,00000000000000000000000000000000)  -> (artifact id: 'f1b468c53fc971dba6b06e865f2c4c5f') in 0.020150 seconds
Number of updated asset objects reloaded before import = 0
Number of asset objects unloaded after import = 1
========================================================================
Received Import Request.
  Time since last request: 0.000028 seconds.
  path: Assets/Palmov Island/Low Poly Environment Park/Models/Trees/spherical tree.fbx
  artifactKey: Guid(4525472cbde143643bf81ab9935ad1bd) Importer(-1,00000000000000000000000000000000)
Start importing Assets/Palmov Island/Low Poly Environment Park/Models/Trees/spherical tree.fbx using Guid(4525472cbde143643bf81ab9935ad1bd) Importer(-1,00000000000000000000000000000000)  -> (artifact id: '3303c2e4ba2867dbd66945c3986ddb3b') in 0.016320 seconds
Number of updated asset objects reloaded before import = 0
Number of asset objects unloaded after import = 1
========================================================================
Received Import Request.
  Time since last request: 0.000016 seconds.
  path: Assets/Palmov Island/Low Poly Environment Park/Models/Trees/dry palm tree.fbx
  artifactKey: Guid(e23dbeb709038e34ca039c7e04823959) Importer(-1,00000000000000000000000000000000)
Start importing Assets/Palmov Island/Low Poly Environment Park/Models/Trees/dry palm tree.fbx using Guid(e23dbeb709038e34ca039c7e04823959) Importer(-1,00000000000000000000000000000000)  -> (artifact id: 'b37de8cad44536300bf8f3db84258653') in 0.017109 seconds
Number of updated asset objects reloaded before import = 0
Number of asset objects unloaded after import = 1
========================================================================
Received Import Request.
  Time since last request: 0.000013 seconds.
  path: Assets/Palmov Island/Low Poly Environment Park/Models/Trees/deciduous tree.fbx
  artifactKey: Guid(ffccc22705d9dea4da9af3336f1e9d4c) Importer(-1,00000000000000000000000000000000)
Start importing Assets/Palmov Island/Low Poly Environment Park/Models/Trees/deciduous tree.fbx using Guid(ffccc22705d9dea4da9af3336f1e9d4c) Importer(-1,00000000000000000000000000000000)  -> (artifact id: 'fc8a5b096f6ef61dd3fbbecc877d651d') in 0.017061 seconds
Number of updated asset objects reloaded before import = 0
Number of asset objects unloaded after import = 1
========================================================================
Received Import Request.
  Time since last request: 60.567426 seconds.
  path: Assets/Imported Assets/Low Poly Environment Park/Prefabs/Grass/grass 3.prefab
  artifactKey: Guid(967e41698de928e4c80fc36cc7741738) Importer(815301076,1909f56bfc062723c751e8b465ee728b)
Start importing Assets/Imported Assets/Low Poly Environment Park/Prefabs/Grass/grass 3.prefab using Guid(967e41698de928e4c80fc36cc7741738) Importer(815301076,1909f56bfc062723c751e8b465ee728b)  -> (artifact id: '5fc69b10d397518c95af345f0fdbbfd9') in 0.007370 seconds
Number of updated asset objects reloaded before import = 0
Number of asset objects unloaded after import = 10
========================================================================
Received Import Request.
  Time since last request: 10.078137 seconds.
  path: Assets/Imported Assets/Low Poly Environment Park/Prefabs/Environment/bridge.prefab
  artifactKey: Guid(033fb5a72ae76a54f8e6e29275edd84b) Importer(815301076,1909f56bfc062723c751e8b465ee728b)
Start importing Assets/Imported Assets/Low Poly Environment Park/Prefabs/Environment/bridge.prefab using Guid(033fb5a72ae76a54f8e6e29275edd84b) Importer(815301076,1909f56bfc062723c751e8b465ee728b)  -> (artifact id: '55a28a565bfa526d89e9ed173750f146') in 0.006955 seconds
Number of updated asset objects reloaded before import = 0
Number of asset objects unloaded after import = 10
========================================================================
Received Import Request.
  Time since last request: 0.004988 seconds.
  path: Assets/Imported Assets/Low Poly Environment Park/Prefabs/Environment/lamppost.prefab
  artifactKey: Guid(f7ff35a5deb7e914fabf51eee4e649a6) Importer(815301076,1909f56bfc062723c751e8b465ee728b)
Start importing Assets/Imported Assets/Low Poly Environment Park/Prefabs/Environment/lamppost.prefab using Guid(f7ff35a5deb7e914fabf51eee4e649a6) Importer(815301076,1909f56bfc062723c751e8b465ee728b)  -> (artifact id: 'a9e53f686f42bd41ab9f1e1f01953b24') in 0.008314 seconds
Number of updated asset objects reloaded before import = 0
Number of asset objects unloaded after import = 10
========================================================================
Received Import Request.
  Time since last request: 0.000023 seconds.
  path: Assets/Imported Assets/Low Poly Environment Park/Prefabs/Environment/picnic bag.prefab
  artifactKey: Guid(602bc4d45f6a07949b3f169c884ec23a) Importer(815301076,1909f56bfc062723c751e8b465ee728b)
Start importing Assets/Imported Assets/Low Poly Environment Park/Prefabs/Environment/picnic bag.prefab using Guid(602bc4d45f6a07949b3f169c884ec23a) Importer(815301076,1909f56bfc062723c751e8b465ee728b)  -> (artifact id: 'a04c6d6fe27afe11d2f7eb366a9d8217') in 0.089067 seconds
Number of updated asset objects reloaded before import = 0
Number of asset objects unloaded after import = 10
Editor requested this worker to shutdown with reason: Scaling down because of idle timeout
TcpMessagingSession - receive error: operation aborted. errorcode: 995, details: The I/O operation has been aborted because of either a thread exit or an application request.
AssetImportWorker is now disconnected from the server
Process exiting
Exiting without the bug reporter. Application will terminate with return code 0