Using pre-set license
Built from '2022.3/staging' branch; Version is '2022.3.24f1 (334eb2a0b267) revision 3362482'; Using compiler version '192829333'; Build Type 'Release'
OS: 'Windows 11  (10.0.22631) 64bit Professional' Language: 'de' Physical Memory: 16222 MB
BatchMode: 1, IsHumanControllingUs: 0, StartBugReporterOnCrash: 0, Is64bit: 1, IsPro: 1

COMMAND LINE ARGUMENTS:
C:\Program Files\Unity\Hub\Editor\2022.3.24f1\Editor\Unity.exe
-adb2
-batchMode
-noUpm
-name
AssetImportWorker0
-projectPath
D:/Hochschule Anhalt/Inhalte/4. Semester/Catventure/Catventure
-logFile
Logs/AssetImportWorker0.log
-srvPort
49863
Successfully changed project path to: D:/Hochschule Anhalt/Inhalte/4. Semester/Catventure/Catventure
D:/Hochschule Anhalt/Inhalte/4. Semester/Catventure/Catventure
[UnityMemory] Configuration Parameters - Can be set up in boot.config
    "memorysetup-bucket-allocator-granularity=16"
    "memorysetup-bucket-allocator-bucket-count=8"
    "memorysetup-bucket-allocator-block-size=33554432"
    "memorysetup-bucket-allocator-block-count=8"
    "memorysetup-main-allocator-block-size=16777216"
    "memorysetup-thread-allocator-block-size=16777216"
    "memorysetup-gfx-main-allocator-block-size=16777216"
    "memorysetup-gfx-thread-allocator-block-size=16777216"
    "memorysetup-cache-allocator-block-size=4194304"
    "memorysetup-typetree-allocator-block-size=2097152"
    "memorysetup-profiler-bucket-allocator-granularity=16"
    "memorysetup-profiler-bucket-allocator-bucket-count=8"
    "memorysetup-profiler-bucket-allocator-block-size=33554432"
    "memorysetup-profiler-bucket-allocator-block-count=8"
    "memorysetup-profiler-allocator-block-size=16777216"
    "memorysetup-profiler-editor-allocator-block-size=1048576"
    "memorysetup-temp-allocator-size-main=16777216"
    "memorysetup-job-temp-allocator-block-size=2097152"
    "memorysetup-job-temp-allocator-block-size-background=1048576"
    "memorysetup-job-temp-allocator-reduction-small-platforms=262144"
    "memorysetup-allocator-temp-initial-block-size-main=262144"
    "memorysetup-allocator-temp-initial-block-size-worker=262144"
    "memorysetup-temp-allocator-size-background-worker=32768"
    "memorysetup-temp-allocator-size-job-worker=262144"
    "memorysetup-temp-allocator-size-preload-manager=33554432"
    "memorysetup-temp-allocator-size-nav-mesh-worker=65536"
    "memorysetup-temp-allocator-size-audio-worker=65536"
    "memorysetup-temp-allocator-size-cloud-worker=32768"
    "memorysetup-temp-allocator-size-gi-baking-worker=262144"
    "memorysetup-temp-allocator-size-gfx=262144"
Player connection [16780] Host "[IP] 192.168.178.30 [Port] 0 [Flags] 2 [Guid] 3108424564 [EditorId] 3108424564 [Version] 1048832 [Id] WindowsEditor(7,DESKTOP-VQ9VGUV) [Debug] 1 [PackageName] WindowsEditor [ProjectName] Editor" joined multi-casting on [225.0.0.222:54997]...

Player connection [16780] Host "[IP] 192.168.178.30 [Port] 0 [Flags] 2 [Guid] 3108424564 [EditorId] 3108424564 [Version] 1048832 [Id] WindowsEditor(7,DESKTOP-VQ9VGUV) [Debug] 1 [PackageName] WindowsEditor [ProjectName] Editor" joined alternative multi-casting on [225.0.0.222:34997]...

[Physics::Module] Initialized MultithreadedJobDispatcher with 15 workers.
Refreshing native plugins compatible for Editor in 8.44 ms, found 4 plugins.
Preloading 0 native plugins for Editor in 0.00 ms.
Initialize engine version: 2022.3.24f1 (334eb2a0b267)
[Subsystems] Discovering subsystems at path C:/Program Files/Unity/Hub/Editor/2022.3.24f1/Editor/Data/Resources/UnitySubsystems
[Subsystems] Discovering subsystems at path D:/Hochschule Anhalt/Inhalte/4. Semester/Catventure/Catventure/Assets
GfxDevice: creating device client; threaded=0; jobified=0
Direct3D:
    Version:  Direct3D 11.0 [level 11.1]
    Renderer: AMD Radeon RX 6900 XT (ID=0x73bf)
    Vendor:   ATI
    VRAM:     16338 MB
    Driver:   31.0.24027.1012
Initialize mono
Mono path[0] = 'C:/Program Files/Unity/Hub/Editor/2022.3.24f1/Editor/Data/Managed'
Mono path[1] = 'C:/Program Files/Unity/Hub/Editor/2022.3.24f1/Editor/Data/MonoBleedingEdge/lib/mono/unityjit-win32'
Mono config path = 'C:/Program Files/Unity/Hub/Editor/2022.3.24f1/Editor/Data/MonoBleedingEdge/etc'
Using monoOptions --debugger-agent=transport=dt_socket,embedding=1,server=y,suspend=n,address=127.0.0.1:56240
Begin MonoManager ReloadAssembly
Registering precompiled unity dll's ...
Register platform support module: C:/Program Files/Unity/Hub/Editor/2022.3.24f1/Editor/Data/PlaybackEngines/WebGLSupport/UnityEditor.WebGL.Extensions.dll
Register platform support module: C:/Program Files/Unity/Hub/Editor/2022.3.24f1/Editor/Data/PlaybackEngines/AndroidPlayer/UnityEditor.Android.Extensions.dll
Register platform support module: C:/Program Files/Unity/Hub/Editor/2022.3.24f1/Editor/Data/PlaybackEngines/iOSSupport/UnityEditor.iOS.Extensions.dll
Register platform support module: C:/Program Files/Unity/Hub/Editor/2022.3.24f1/Editor/Data/PlaybackEngines/WindowsStandaloneSupport/UnityEditor.WindowsStandalone.Extensions.dll
Registered in 0.008342 seconds.
- Loaded All Assemblies, in  0.268 seconds
Native extension for WindowsStandalone target not found
[usbmuxd] Start listen thread
[usbmuxd] Listen thread started
Native extension for iOS target not found
Native extension for Android target not found
Android Extension - Scanning For ADB Devices 187 ms
Native extension for WebGL target not found
Mono: successfully reloaded assembly
- Finished resetting the current domain, in  0.447 seconds
Domain Reload Profiling: 713ms
	BeginReloadAssembly (79ms)
		ExecutionOrderSort (0ms)
		DisableScriptedObjects (0ms)
		BackupInstance (0ms)
		ReleaseScriptingObjects (0ms)
		CreateAndSetChildDomain (1ms)
	RebuildCommonClasses (23ms)
	RebuildNativeTypeToScriptingClass (7ms)
	initialDomainReloadingComplete (45ms)
	LoadAllAssembliesAndSetupDomain (111ms)
		LoadAssemblies (79ms)
		RebuildTransferFunctionScriptingTraits (0ms)
		AnalyzeDomain (108ms)
			TypeCache.Refresh (107ms)
				TypeCache.ScanAssembly (97ms)
			ScanForSourceGeneratedMonoScriptInfo (0ms)
			ResolveRequiredComponents (0ms)
	FinalizeReload (447ms)
		ReleaseScriptCaches (0ms)
		RebuildScriptCaches (0ms)
		SetupLoadedEditorAssemblies (402ms)
			LogAssemblyErrors (0ms)
			InitializePlatformSupportModulesInManaged (285ms)
			SetLoadedEditorAssemblies (3ms)
			RefreshPlugins (0ms)
			BeforeProcessingInitializeOnLoad (1ms)
			ProcessInitializeOnLoadAttributes (81ms)
			ProcessInitializeOnLoadMethodAttributes (31ms)
			AfterProcessingInitializeOnLoad (0ms)
			EditorAssembliesLoaded (0ms)
		ExecutionOrderSort2 (0ms)
		AwakeInstancesAfterBackupRestoration (0ms)
========================================================================
Worker process is ready to serve import requests
Begin MonoManager ReloadAssembly
- Loaded All Assemblies, in  0.530 seconds
Refreshing native plugins compatible for Editor in 2.48 ms, found 4 plugins.
Native extension for WindowsStandalone target not found
Native extension for iOS target not found
Native extension for Android target not found
Native extension for WebGL target not found
Package Manager log level set to [2]
[Package Manager] Server::EnsureServerProcessIsRunning -- launch failed, reason: Unity was launched with the -noUpm command-line argument
[Package Manager] UpmClient::Send -- Unable to send message (not connected to UPM process).
[Package Manager] Cannot connect to Unity Package Manager local server
Mono: successfully reloaded assembly
- Finished resetting the current domain, in  0.639 seconds
Domain Reload Profiling: 1167ms
	BeginReloadAssembly (119ms)
		ExecutionOrderSort (0ms)
		DisableScriptedObjects (4ms)
		BackupInstance (0ms)
		ReleaseScriptingObjects (0ms)
		CreateAndSetChildDomain (17ms)
	RebuildCommonClasses (27ms)
	RebuildNativeTypeToScriptingClass (8ms)
	initialDomainReloadingComplete (34ms)
	LoadAllAssembliesAndSetupDomain (340ms)
		LoadAssemblies (251ms)
		RebuildTransferFunctionScriptingTraits (0ms)
		AnalyzeDomain (158ms)
			TypeCache.Refresh (138ms)
				TypeCache.ScanAssembly (125ms)
			ScanForSourceGeneratedMonoScriptInfo (14ms)
			ResolveRequiredComponents (4ms)
	FinalizeReload (639ms)
		ReleaseScriptCaches (0ms)
		RebuildScriptCaches (0ms)
		SetupLoadedEditorAssemblies (498ms)
			LogAssemblyErrors (0ms)
			InitializePlatformSupportModulesInManaged (30ms)
			SetLoadedEditorAssemblies (3ms)
			RefreshPlugins (0ms)
			BeforeProcessingInitializeOnLoad (50ms)
			ProcessInitializeOnLoadAttributes (394ms)
			ProcessInitializeOnLoadMethodAttributes (16ms)
			AfterProcessingInitializeOnLoad (6ms)
			EditorAssembliesLoaded (0ms)
		ExecutionOrderSort2 (0ms)
		AwakeInstancesAfterBackupRestoration (5ms)
Launched and connected shader compiler UnityShaderCompiler.exe after 0.04 seconds
Refreshing native plugins compatible for Editor in 1.97 ms, found 4 plugins.
Preloading 0 native plugins for Editor in 0.00 ms.
Unloading 3480 Unused Serialized files (Serialized files now loaded: 0)
Unloading 64 unused Assets / (1.9 MB). Loaded Objects now: 3964.
Memory consumption went from 156.5 MB to 154.7 MB.
Total: 2.975500 ms (FindLiveObjects: 0.180900 ms CreateObjectMapping: 0.123300 ms MarkObjects: 2.326700 ms  DeleteObjects: 0.343800 ms)

AssetImportParameters requested are different than current active one (requested -> active):
  custom:container-demuxer-ogg: 62fdf1f143b41e24485cea50d1cbac27 -> 
  custom:video-codec-MediaFoundation-h265: 746d11721c4dcdbdad8f713fa42b33f4 -> 
  custom:video-decoder-ogg-theora: a1e56fd34408186e4bbccfd4996cb3dc -> 
  custom:framework-win-MediaFoundation: 216162199b28c13a410421893ffa2e32 -> 
  custom:CustomObjectIndexerAttribute: 9a22284fe3817be447336de3de66b15e -> 
  custom:container-demuxer-webm: 4f35f7cbe854078d1ac9338744f61a02 -> 
  custom:container-muxer-webm: aa71ff27fc2769a1b78a27578f13a17b -> 
  custom:video-decoder-webm-vp8: 9c59270c3fd7afecdb556c50c9e8de78 -> 
  custom:SearchIndexIgnoredProperties: e643bd26f0fe6173181afceb89e7c659 -> 
  custom:AudioImporter_EditorPlatform: d09bf68614088b80899f8185d706f6e7 -> 
  custom:video-encoder-webm-vp8: eb34c28f22e8b96e1ab97ce403110664 -> 
  custom:audio-decoder-ogg-vorbis: bf7c407c2cedff20999df2af8eb42d56 -> 
  custom:audio-encoder-webm-vorbis: bf7c407c2cedff20999df2af8eb42d56 -> 
========================================================================
Received Import Request.
  Time since last request: 618977.362843 seconds.
  path: Assets/Scenes/Game.unity
  artifactKey: Guid(92b7b7b08cfc7e64f8d0d7ded70326e0) Importer(815301076,1909f56bfc062723c751e8b465ee728b)
Start importing Assets/Scenes/Game.unity using Guid(92b7b7b08cfc7e64f8d0d7ded70326e0) Importer(815301076,1909f56bfc062723c751e8b465ee728b)  -> (artifact id: 'ad67cb65171380501ef48c1148323a68') in 0.002310 seconds
Number of updated asset objects reloaded before import = 0
Number of asset objects unloaded after import = 0
========================================================================
Received Import Request.
  Time since last request: 82.775130 seconds.
  path: Assets/Prefabs/Cat_Lite.prefab
  artifactKey: Guid(29b85590b56cd4e94a32a9c7ea4410d9) Importer(815301076,1909f56bfc062723c751e8b465ee728b)
Start importing Assets/Prefabs/Cat_Lite.prefab using Guid(29b85590b56cd4e94a32a9c7ea4410d9) Importer(815301076,1909f56bfc062723c751e8b465ee728b)  -> (artifact id: 'aa9d360f8bb8b38481367aad984d6cb1') in 0.070852 seconds
Number of updated asset objects reloaded before import = 0
Number of asset objects unloaded after import = 136
========================================================================
Received Import Request.
  Time since last request: 168.096809 seconds.
  path: Assets/Prefabs/Lowpoly Toon Cat Lite/Model/Animator/Cat_Lite_AC.controller
  artifactKey: Guid(8bd50fa7f84445f499085af2faf790c8) Importer(815301076,1909f56bfc062723c751e8b465ee728b)
Start importing Assets/Prefabs/Lowpoly Toon Cat Lite/Model/Animator/Cat_Lite_AC.controller using Guid(8bd50fa7f84445f499085af2faf790c8) Importer(815301076,1909f56bfc062723c751e8b465ee728b)  -> (artifact id: '4a51543b669832c9447f4f14a59fb551') in 0.004661 seconds
Number of updated asset objects reloaded before import = 0
Number of asset objects unloaded after import = 36
========================================================================
Received Import Request.
  Time since last request: 395.322567 seconds.
  path: Assets/Scripts/Game
  artifactKey: Guid(0e77c8db9dfb24847baa638fcfb15f4a) Importer(815301076,1909f56bfc062723c751e8b465ee728b)
Start importing Assets/Scripts/Game using Guid(0e77c8db9dfb24847baa638fcfb15f4a) Importer(815301076,1909f56bfc062723c751e8b465ee728b)  -> (artifact id: '10fd42a826a0c257225a70d5aa6410a8') in 0.090559 seconds
Number of updated asset objects reloaded before import = 0
Number of asset objects unloaded after import = 0
========================================================================
Received Import Request.
  Time since last request: 3.301904 seconds.
  path: Assets/Scripts/Game/PlayerController.cs
  artifactKey: Guid(84bb592adb4e59a46b65db128bd0d2d1) Importer(815301076,1909f56bfc062723c751e8b465ee728b)
Start importing Assets/Scripts/Game/PlayerController.cs using Guid(84bb592adb4e59a46b65db128bd0d2d1) Importer(815301076,1909f56bfc062723c751e8b465ee728b)  -> (artifact id: '544739365f54415163e340c8deb21e89') in 0.000359 seconds
Number of updated asset objects reloaded before import = 0
Number of asset objects unloaded after import = 0
========================================================================
Received Import Request.
  Time since last request: 495.788064 seconds.
  path: Assets/Prefabs/Lowpoly Toon Cat Lite/Model/Animator/Cat_Lite_AC.controller
  artifactKey: Guid(8bd50fa7f84445f499085af2faf790c8) Importer(815301076,1909f56bfc062723c751e8b465ee728b)
Start importing Assets/Prefabs/Lowpoly Toon Cat Lite/Model/Animator/Cat_Lite_AC.controller using Guid(8bd50fa7f84445f499085af2faf790c8) Importer(815301076,1909f56bfc062723c751e8b465ee728b)  -> (artifact id: '0e545e7dac5c117978baf87a631a470a') in 0.005709 seconds
Number of updated asset objects reloaded before import = 0
Number of asset objects unloaded after import = 37
========================================================================
Received Import Request.
  Time since last request: 252.401992 seconds.
  path: Assets/Prefabs/Cat_Lite.prefab
  artifactKey: Guid(29b85590b56cd4e94a32a9c7ea4410d9) Importer(815301076,1909f56bfc062723c751e8b465ee728b)
Start importing Assets/Prefabs/Cat_Lite.prefab using Guid(29b85590b56cd4e94a32a9c7ea4410d9) Importer(815301076,1909f56bfc062723c751e8b465ee728b)  -> (artifact id: '4c5134bd393c6e66af439a350d8e1c99') in 0.022661 seconds
Number of updated asset objects reloaded before import = 0
Number of asset objects unloaded after import = 138
========================================================================
Received Import Request.
  Time since last request: 1106.064393 seconds.
  path: Assets/Prefabs/Lowpoly Toon Cat Lite/Model/Animator/Cat_Lite_AC.controller
  artifactKey: Guid(8bd50fa7f84445f499085af2faf790c8) Importer(815301076,1909f56bfc062723c751e8b465ee728b)
Start importing Assets/Prefabs/Lowpoly Toon Cat Lite/Model/Animator/Cat_Lite_AC.controller using Guid(8bd50fa7f84445f499085af2faf790c8) Importer(815301076,1909f56bfc062723c751e8b465ee728b)  -> (artifact id: '91abd13e0736b9e26f4986cb1ebb06e2') in 0.005629 seconds
Number of updated asset objects reloaded before import = 0
Number of asset objects unloaded after import = 37
========================================================================
Received Import Request.
  Time since last request: 4.319175 seconds.
  path: Assets/Animations/CatSleeping.anim
  artifactKey: Guid(f42299e3915af004a9826c9927b376be) Importer(815301076,1909f56bfc062723c751e8b465ee728b)
Start importing Assets/Animations/CatSleeping.anim using Guid(f42299e3915af004a9826c9927b376be) Importer(815301076,1909f56bfc062723c751e8b465ee728b)  -> (artifact id: 'bbd85672707b209e0c8a80d0a1ea9b56') in 0.002548 seconds
Number of updated asset objects reloaded before import = 0
Number of asset objects unloaded after import = 1
========================================================================
Received Import Request.
  Time since last request: 2.611560 seconds.
  path: Assets/Animations/Clip1.anim
  artifactKey: Guid(f191164ea93b518429b3d6b8a1d6a3a8) Importer(815301076,1909f56bfc062723c751e8b465ee728b)
Start importing Assets/Animations/Clip1.anim using Guid(f191164ea93b518429b3d6b8a1d6a3a8) Importer(815301076,1909f56bfc062723c751e8b465ee728b)  -> (artifact id: '6cd18882fbef47d67eb5a8bddb992ace') in 0.002409 seconds
Number of updated asset objects reloaded before import = 0
Number of asset objects unloaded after import = 1
========================================================================
Received Import Request.
  Time since last request: 5.314192 seconds.
  path: Assets/Animations/CatSleeping.anim
  artifactKey: Guid(f191164ea93b518429b3d6b8a1d6a3a8) Importer(815301076,1909f56bfc062723c751e8b465ee728b)
Start importing Assets/Animations/CatSleeping.anim using Guid(f191164ea93b518429b3d6b8a1d6a3a8) Importer(815301076,1909f56bfc062723c751e8b465ee728b)  -> (artifact id: '41aad40831165b1671112ac6429dd463') in 0.002315 seconds
Number of updated asset objects reloaded before import = 0
Number of asset objects unloaded after import = 1
========================================================================
Received Import Request.
  Time since last request: 10.012312 seconds.
  path: Assets/Prefabs/Lowpoly Toon Cat Lite/Model/Animator/Cat_Lite_AC.controller
  artifactKey: Guid(8bd50fa7f84445f499085af2faf790c8) Importer(815301076,1909f56bfc062723c751e8b465ee728b)
Start importing Assets/Prefabs/Lowpoly Toon Cat Lite/Model/Animator/Cat_Lite_AC.controller using Guid(8bd50fa7f84445f499085af2faf790c8) Importer(815301076,1909f56bfc062723c751e8b465ee728b)  -> (artifact id: '05fe56f8b471853dab6344e241c25504') in 0.004944 seconds
Number of updated asset objects reloaded before import = 0
Number of asset objects unloaded after import = 35
========================================================================
Received Import Request.
  Time since last request: 104.942428 seconds.
  path: Assets/Prefabs/Lowpoly Toon Cat Lite/Model/Animator/Cat_Lite_AC.controller
  artifactKey: Guid(8bd50fa7f84445f499085af2faf790c8) Importer(815301076,1909f56bfc062723c751e8b465ee728b)
Start importing Assets/Prefabs/Lowpoly Toon Cat Lite/Model/Animator/Cat_Lite_AC.controller using Guid(8bd50fa7f84445f499085af2faf790c8) Importer(815301076,1909f56bfc062723c751e8b465ee728b)  -> (artifact id: '1dbcbae5195b80667b05ec143e2f5a3b') in 0.004926 seconds
Number of updated asset objects reloaded before import = 0
Number of asset objects unloaded after import = 36
========================================================================
Received Import Request.
  Time since last request: 21.338723 seconds.
  path: Assets/Prefabs/Lowpoly Toon Cat Lite/Model/Animator/Cat_Lite_AC.controller
  artifactKey: Guid(8bd50fa7f84445f499085af2faf790c8) Importer(815301076,1909f56bfc062723c751e8b465ee728b)
Start importing Assets/Prefabs/Lowpoly Toon Cat Lite/Model/Animator/Cat_Lite_AC.controller using Guid(8bd50fa7f84445f499085af2faf790c8) Importer(815301076,1909f56bfc062723c751e8b465ee728b)  -> (artifact id: 'b92e62e2187708ebe7dd4bc30d52cdc3') in 0.005656 seconds
Number of updated asset objects reloaded before import = 0
Number of asset objects unloaded after import = 37
========================================================================
Received Import Request.
  Time since last request: 48.649322 seconds.
  path: Assets/Prefabs/Lowpoly Toon Cat Lite/Model/Animator/Cat_Lite_AC.controller
  artifactKey: Guid(8bd50fa7f84445f499085af2faf790c8) Importer(815301076,1909f56bfc062723c751e8b465ee728b)
Start importing Assets/Prefabs/Lowpoly Toon Cat Lite/Model/Animator/Cat_Lite_AC.controller using Guid(8bd50fa7f84445f499085af2faf790c8) Importer(815301076,1909f56bfc062723c751e8b465ee728b)  -> (artifact id: '1d389eb2bea0367c1eea491a814afb66') in 0.004530 seconds
Number of updated asset objects reloaded before import = 0
Number of asset objects unloaded after import = 39
========================================================================
Received Import Request.
  Time since last request: 56.529844 seconds.
  path: Assets/Prefabs/Lowpoly Toon Cat Lite/Model/Animator/Cat_Lite_AC.controller
  artifactKey: Guid(8bd50fa7f84445f499085af2faf790c8) Importer(815301076,1909f56bfc062723c751e8b465ee728b)
Start importing Assets/Prefabs/Lowpoly Toon Cat Lite/Model/Animator/Cat_Lite_AC.controller using Guid(8bd50fa7f84445f499085af2faf790c8) Importer(815301076,1909f56bfc062723c751e8b465ee728b)  -> (artifact id: '64ad4485d2c00a9c3426d26f41c85275') in 0.005576 seconds
Number of updated asset objects reloaded before import = 0
Number of asset objects unloaded after import = 39
========================================================================
Received Import Request.
  Time since last request: 31.681285 seconds.
  path: Assets/Prefabs/Lowpoly Toon Cat Lite/Model/Animator/Cat_Lite_AC.controller
  artifactKey: Guid(8bd50fa7f84445f499085af2faf790c8) Importer(815301076,1909f56bfc062723c751e8b465ee728b)
Start importing Assets/Prefabs/Lowpoly Toon Cat Lite/Model/Animator/Cat_Lite_AC.controller using Guid(8bd50fa7f84445f499085af2faf790c8) Importer(815301076,1909f56bfc062723c751e8b465ee728b)  -> (artifact id: '4c38a0d1881d80e8fba95d539d520a34') in 0.004573 seconds
Number of updated asset objects reloaded before import = 0
Number of asset objects unloaded after import = 37
========================================================================
Received Import Request.
  Time since last request: 79.651739 seconds.
  path: Assets/Prefabs/Lowpoly Toon Cat Lite/Model/Animator/Cat_Lite_AC.controller
  artifactKey: Guid(8bd50fa7f84445f499085af2faf790c8) Importer(815301076,1909f56bfc062723c751e8b465ee728b)
Start importing Assets/Prefabs/Lowpoly Toon Cat Lite/Model/Animator/Cat_Lite_AC.controller using Guid(8bd50fa7f84445f499085af2faf790c8) Importer(815301076,1909f56bfc062723c751e8b465ee728b)  -> (artifact id: '9aa6a06cb5c3039cb384a6e8ec422e91') in 0.004610 seconds
Number of updated asset objects reloaded before import = 0
Number of asset objects unloaded after import = 37
========================================================================
Received Import Request.
  Time since last request: 100.948000 seconds.
  path: Assets/Prefabs/Lowpoly Toon Cat Lite/Model/Animator/Cat_Lite_AC.controller
  artifactKey: Guid(8bd50fa7f84445f499085af2faf790c8) Importer(815301076,1909f56bfc062723c751e8b465ee728b)
Start importing Assets/Prefabs/Lowpoly Toon Cat Lite/Model/Animator/Cat_Lite_AC.controller using Guid(8bd50fa7f84445f499085af2faf790c8) Importer(815301076,1909f56bfc062723c751e8b465ee728b)  -> (artifact id: '95013f8f1b50296c692c3cba1014950f') in 0.005177 seconds
Number of updated asset objects reloaded before import = 0
Number of asset objects unloaded after import = 37
========================================================================
Received Import Request.
  Time since last request: 47.509245 seconds.
  path: Assets/Prefabs/Lowpoly Toon Cat Lite/Model/Animator/Cat_Lite_AC.controller
  artifactKey: Guid(8bd50fa7f84445f499085af2faf790c8) Importer(815301076,1909f56bfc062723c751e8b465ee728b)
Start importing Assets/Prefabs/Lowpoly Toon Cat Lite/Model/Animator/Cat_Lite_AC.controller using Guid(8bd50fa7f84445f499085af2faf790c8) Importer(815301076,1909f56bfc062723c751e8b465ee728b)  -> (artifact id: '6e55057d841b433db8e1a345b3d84c65') in 0.004638 seconds
Number of updated asset objects reloaded before import = 0
Number of asset objects unloaded after import = 39
========================================================================
Received Import Request.
  Time since last request: 148.919102 seconds.
  path: Assets/Prefabs/Cat_Lite.prefab
  artifactKey: Guid(29b85590b56cd4e94a32a9c7ea4410d9) Importer(815301076,1909f56bfc062723c751e8b465ee728b)
Start importing Assets/Prefabs/Cat_Lite.prefab using Guid(29b85590b56cd4e94a32a9c7ea4410d9) Importer(815301076,1909f56bfc062723c751e8b465ee728b)  -> (artifact id: '9168c0af894b31c7f3ab8d294fa4e07f') in 0.346889 seconds
Number of updated asset objects reloaded before import = 0
Number of asset objects unloaded after import = 140
========================================================================
Received Import Request.
  Time since last request: 159.993975 seconds.
  path: Assets/Prefabs/Lowpoly Toon Cat Lite/Model/Animator/Cat_Lite_AC.controller
  artifactKey: Guid(8bd50fa7f84445f499085af2faf790c8) Importer(815301076,1909f56bfc062723c751e8b465ee728b)
Start importing Assets/Prefabs/Lowpoly Toon Cat Lite/Model/Animator/Cat_Lite_AC.controller using Guid(8bd50fa7f84445f499085af2faf790c8) Importer(815301076,1909f56bfc062723c751e8b465ee728b)  -> (artifact id: '4e03e0350e726c33bfc086039d73d20e') in 0.006604 seconds
Number of updated asset objects reloaded before import = 0
Number of asset objects unloaded after import = 37
========================================================================
Received Import Request.
  Time since last request: 1.896354 seconds.
  path: Assets/Prefabs/Lowpoly Toon Cat Lite/Model/Animator/Cat_Lite_AC.controller
  artifactKey: Guid(8bd50fa7f84445f499085af2faf790c8) Importer(815301076,1909f56bfc062723c751e8b465ee728b)
Start importing Assets/Prefabs/Lowpoly Toon Cat Lite/Model/Animator/Cat_Lite_AC.controller using Guid(8bd50fa7f84445f499085af2faf790c8) Importer(815301076,1909f56bfc062723c751e8b465ee728b)  -> (artifact id: '83c8f43b7d9453da349e6fcf1f8a3ef1') in 0.004857 seconds
Number of updated asset objects reloaded before import = 0
Number of asset objects unloaded after import = 36
========================================================================
Received Import Request.
  Time since last request: 201.729110 seconds.
  path: Assets/Prefabs/Lowpoly Toon Cat Lite/Model/Animator/Cat_Lite_AC.controller
  artifactKey: Guid(8bd50fa7f84445f499085af2faf790c8) Importer(815301076,1909f56bfc062723c751e8b465ee728b)
Start importing Assets/Prefabs/Lowpoly Toon Cat Lite/Model/Animator/Cat_Lite_AC.controller using Guid(8bd50fa7f84445f499085af2faf790c8) Importer(815301076,1909f56bfc062723c751e8b465ee728b)  -> (artifact id: '64d6de676b8cc5a777bbd192cde73230') in 0.009093 seconds
Number of updated asset objects reloaded before import = 0
Number of asset objects unloaded after import = 37
========================================================================
Received Import Request.
  Time since last request: 64.504564 seconds.
  path: Assets/Prefabs/Lowpoly Toon Cat Lite/Model/Animator/Cat_Lite_AC.controller
  artifactKey: Guid(8bd50fa7f84445f499085af2faf790c8) Importer(815301076,1909f56bfc062723c751e8b465ee728b)
Start importing Assets/Prefabs/Lowpoly Toon Cat Lite/Model/Animator/Cat_Lite_AC.controller using Guid(8bd50fa7f84445f499085af2faf790c8) Importer(815301076,1909f56bfc062723c751e8b465ee728b)  -> (artifact id: 'f0bac21140d97b241e438d4b116e6a52') in 0.006573 seconds
Number of updated asset objects reloaded before import = 0
Number of asset objects unloaded after import = 36
========================================================================
Received Import Request.
  Time since last request: 47.140760 seconds.
  path: Assets/umotion_CatSleepingPose.asset
  artifactKey: Guid(a9143f2bcc2aca04ab25b60bb233873b) Importer(815301076,1909f56bfc062723c751e8b465ee728b)
Start importing Assets/umotion_CatSleepingPose.asset using Guid(a9143f2bcc2aca04ab25b60bb233873b) Importer(815301076,1909f56bfc062723c751e8b465ee728b)  -> (artifact id: '804d5c9de659f5966d8baeedd23406da') in 0.027659 seconds
Number of updated asset objects reloaded before import = 0
Number of asset objects unloaded after import = 1
========================================================================
Received Import Request.
  Time since last request: 156.912428 seconds.
  path: Assets/Prefabs/Lowpoly Toon Cat Lite/Model/Animator/Cat_Lite_AC.controller
  artifactKey: Guid(8bd50fa7f84445f499085af2faf790c8) Importer(815301076,1909f56bfc062723c751e8b465ee728b)
Start importing Assets/Prefabs/Lowpoly Toon Cat Lite/Model/Animator/Cat_Lite_AC.controller using Guid(8bd50fa7f84445f499085af2faf790c8) Importer(815301076,1909f56bfc062723c751e8b465ee728b)  -> (artifact id: 'abd43ed65cd5ff14137019e6e2416bf9') in 0.005495 seconds
Number of updated asset objects reloaded before import = 0
Number of asset objects unloaded after import = 38
========================================================================
Received Import Request.
  Time since last request: 50.881795 seconds.
  path: Assets/Prefabs/Lowpoly Toon Cat Lite/Model/Animator/Cat_Lite_AC.controller
  artifactKey: Guid(8bd50fa7f84445f499085af2faf790c8) Importer(815301076,1909f56bfc062723c751e8b465ee728b)
Start importing Assets/Prefabs/Lowpoly Toon Cat Lite/Model/Animator/Cat_Lite_AC.controller using Guid(8bd50fa7f84445f499085af2faf790c8) Importer(815301076,1909f56bfc062723c751e8b465ee728b)  -> (artifact id: '11f8cc11796e4619ba5db5cc534cee93') in 0.004947 seconds
Number of updated asset objects reloaded before import = 0
Number of asset objects unloaded after import = 38
========================================================================
Received Import Request.
  Time since last request: 75.762683 seconds.
  path: Assets/Scenes/Garden.unity
  artifactKey: Guid(47eeeb510d54ee64286b030aa7480a47) Importer(815301076,1909f56bfc062723c751e8b465ee728b)
Start importing Assets/Scenes/Garden.unity using Guid(47eeeb510d54ee64286b030aa7480a47) Importer(815301076,1909f56bfc062723c751e8b465ee728b)  -> (artifact id: '568c32ffa029d058e0099420f2abf206') in 0.000424 seconds
Number of updated asset objects reloaded before import = 0
Number of asset objects unloaded after import = 0
========================================================================
Received Import Request.
  Time since last request: 38.657891 seconds.
  path: Assets/Prefabs/Cat_Lite.prefab
  artifactKey: Guid(29b85590b56cd4e94a32a9c7ea4410d9) Importer(815301076,1909f56bfc062723c751e8b465ee728b)
Start importing Assets/Prefabs/Cat_Lite.prefab using Guid(29b85590b56cd4e94a32a9c7ea4410d9) Importer(815301076,1909f56bfc062723c751e8b465ee728b)  -> (artifact id: '93fad43f1735f0c5dc35b55885e56c4a') in 0.346756 seconds
Number of updated asset objects reloaded before import = 0
Number of asset objects unloaded after import = 139
