Using pre-set license
Built from '2022.3/staging' branch; Version is '2022.3.24f1 (334eb2a0b267) revision 3362482'; Using compiler version '192829333'; Build Type 'Release'
OS: 'Windows 11  (10.0.22631) 64bit Professional' Language: 'de' Physical Memory: 16222 MB
BatchMode: 1, IsHumanControllingUs: 0, StartBugReporterOnCrash: 0, Is64bit: 1, IsPro: 1

COMMAND LINE ARGUMENTS:
C:\Program Files\Unity\Hub\Editor\2022.3.24f1\Editor\Unity.exe
-adb2
-batchMode
-noUpm
-name
AssetImportWorker3
-projectPath
D:/Hochschule Anhalt/Inhalte/4. Semester/Catventure/Catventure
-logFile
Logs/AssetImportWorker3.log
-srvPort
57132
Successfully changed project path to: D:/Hochschule Anhalt/Inhalte/4. Semester/Catventure/Catventure
D:/Hochschule Anhalt/Inhalte/4. Semester/Catventure/Catventure
[UnityMemory] Configuration Parameters - Can be set up in boot.config
    "memorysetup-bucket-allocator-granularity=16"
    "memorysetup-bucket-allocator-bucket-count=8"
    "memorysetup-bucket-allocator-block-size=33554432"
    "memorysetup-bucket-allocator-block-count=8"
    "memorysetup-main-allocator-block-size=16777216"
    "memorysetup-thread-allocator-block-size=16777216"
    "memorysetup-gfx-main-allocator-block-size=16777216"
    "memorysetup-gfx-thread-allocator-block-size=16777216"
    "memorysetup-cache-allocator-block-size=4194304"
    "memorysetup-typetree-allocator-block-size=2097152"
    "memorysetup-profiler-bucket-allocator-granularity=16"
    "memorysetup-profiler-bucket-allocator-bucket-count=8"
    "memorysetup-profiler-bucket-allocator-block-size=33554432"
    "memorysetup-profiler-bucket-allocator-block-count=8"
    "memorysetup-profiler-allocator-block-size=16777216"
    "memorysetup-profiler-editor-allocator-block-size=1048576"
    "memorysetup-temp-allocator-size-main=16777216"
    "memorysetup-job-temp-allocator-block-size=2097152"
    "memorysetup-job-temp-allocator-block-size-background=1048576"
    "memorysetup-job-temp-allocator-reduction-small-platforms=262144"
    "memorysetup-allocator-temp-initial-block-size-main=262144"
    "memorysetup-allocator-temp-initial-block-size-worker=262144"
    "memorysetup-temp-allocator-size-background-worker=32768"
    "memorysetup-temp-allocator-size-job-worker=262144"
    "memorysetup-temp-allocator-size-preload-manager=33554432"
    "memorysetup-temp-allocator-size-nav-mesh-worker=65536"
    "memorysetup-temp-allocator-size-audio-worker=65536"
    "memorysetup-temp-allocator-size-cloud-worker=32768"
    "memorysetup-temp-allocator-size-gi-baking-worker=262144"
    "memorysetup-temp-allocator-size-gfx=262144"
Player connection [17384] Host "[IP] 192.168.178.30 [Port] 0 [Flags] 2 [Guid] 3673615900 [EditorId] 3673615900 [Version] 1048832 [Id] WindowsEditor(7,DESKTOP-VQ9VGUV) [Debug] 1 [PackageName] WindowsEditor [ProjectName] Editor" joined multi-casting on [225.0.0.222:54997]...

Player connection [17384] Host "[IP] 192.168.178.30 [Port] 0 [Flags] 2 [Guid] 3673615900 [EditorId] 3673615900 [Version] 1048832 [Id] WindowsEditor(7,DESKTOP-VQ9VGUV) [Debug] 1 [PackageName] WindowsEditor [ProjectName] Editor" joined alternative multi-casting on [225.0.0.222:34997]...

[Physics::Module] Initialized MultithreadedJobDispatcher with 15 workers.
Refreshing native plugins compatible for Editor in 69.98 ms, found 4 plugins.
Preloading 0 native plugins for Editor in 0.00 ms.
Initialize engine version: 2022.3.24f1 (334eb2a0b267)
[Subsystems] Discovering subsystems at path C:/Program Files/Unity/Hub/Editor/2022.3.24f1/Editor/Data/Resources/UnitySubsystems
[Subsystems] Discovering subsystems at path D:/Hochschule Anhalt/Inhalte/4. Semester/Catventure/Catventure/Assets
GfxDevice: creating device client; threaded=0; jobified=0
Direct3D:
    Version:  Direct3D 11.0 [level 11.1]
    Renderer: AMD Radeon RX 6900 XT (ID=0x73bf)
    Vendor:   ATI
    VRAM:     16338 MB
    Driver:   31.0.24027.1012
Initialize mono
Mono path[0] = 'C:/Program Files/Unity/Hub/Editor/2022.3.24f1/Editor/Data/Managed'
Mono path[1] = 'C:/Program Files/Unity/Hub/Editor/2022.3.24f1/Editor/Data/MonoBleedingEdge/lib/mono/unityjit-win32'
Mono config path = 'C:/Program Files/Unity/Hub/Editor/2022.3.24f1/Editor/Data/MonoBleedingEdge/etc'
Using monoOptions --debugger-agent=transport=dt_socket,embedding=1,server=y,suspend=n,address=127.0.0.1:56520
Begin MonoManager ReloadAssembly
Registering precompiled unity dll's ...
Register platform support module: C:/Program Files/Unity/Hub/Editor/2022.3.24f1/Editor/Data/PlaybackEngines/WebGLSupport/UnityEditor.WebGL.Extensions.dll
Register platform support module: C:/Program Files/Unity/Hub/Editor/2022.3.24f1/Editor/Data/PlaybackEngines/AndroidPlayer/UnityEditor.Android.Extensions.dll
Register platform support module: C:/Program Files/Unity/Hub/Editor/2022.3.24f1/Editor/Data/PlaybackEngines/iOSSupport/UnityEditor.iOS.Extensions.dll
Register platform support module: C:/Program Files/Unity/Hub/Editor/2022.3.24f1/Editor/Data/PlaybackEngines/WindowsStandaloneSupport/UnityEditor.WindowsStandalone.Extensions.dll
Registered in 0.008708 seconds.
- Loaded All Assemblies, in  0.850 seconds
Native extension for WindowsStandalone target not found
[usbmuxd] Start listen thread
[usbmuxd] Listen thread started
Native extension for iOS target not found
Native extension for Android target not found
Android Extension - Scanning For ADB Devices 277 ms
Native extension for WebGL target not found
Mono: successfully reloaded assembly
- Finished resetting the current domain, in  0.531 seconds
Domain Reload Profiling: 1380ms
	BeginReloadAssembly (83ms)
		ExecutionOrderSort (0ms)
		DisableScriptedObjects (0ms)
		BackupInstance (0ms)
		ReleaseScriptingObjects (0ms)
		CreateAndSetChildDomain (1ms)
	RebuildCommonClasses (167ms)
	RebuildNativeTypeToScriptingClass (7ms)
	initialDomainReloadingComplete (44ms)
	LoadAllAssembliesAndSetupDomain (548ms)
		LoadAssemblies (82ms)
		RebuildTransferFunctionScriptingTraits (0ms)
		AnalyzeDomain (546ms)
			TypeCache.Refresh (545ms)
				TypeCache.ScanAssembly (535ms)
			ScanForSourceGeneratedMonoScriptInfo (0ms)
			ResolveRequiredComponents (0ms)
	FinalizeReload (531ms)
		ReleaseScriptCaches (0ms)
		RebuildScriptCaches (0ms)
		SetupLoadedEditorAssemblies (492ms)
			LogAssemblyErrors (0ms)
			InitializePlatformSupportModulesInManaged (376ms)
			SetLoadedEditorAssemblies (3ms)
			RefreshPlugins (0ms)
			BeforeProcessingInitializeOnLoad (1ms)
			ProcessInitializeOnLoadAttributes (76ms)
			ProcessInitializeOnLoadMethodAttributes (36ms)
			AfterProcessingInitializeOnLoad (0ms)
			EditorAssembliesLoaded (0ms)
		ExecutionOrderSort2 (0ms)
		AwakeInstancesAfterBackupRestoration (0ms)
========================================================================
Worker process is ready to serve import requests
Begin MonoManager ReloadAssembly
- Loaded All Assemblies, in  0.628 seconds
Refreshing native plugins compatible for Editor in 2.36 ms, found 4 plugins.
Native extension for WindowsStandalone target not found
Native extension for iOS target not found
Native extension for Android target not found
Native extension for WebGL target not found
Package Manager log level set to [2]
[Package Manager] Server::EnsureServerProcessIsRunning -- launch failed, reason: Unity was launched with the -noUpm command-line argument
[Package Manager] UpmClient::Send -- Unable to send message (not connected to UPM process).
[Package Manager] Cannot connect to Unity Package Manager local server
Mono: successfully reloaded assembly
- Finished resetting the current domain, in  0.561 seconds
Domain Reload Profiling: 1188ms
	BeginReloadAssembly (114ms)
		ExecutionOrderSort (0ms)
		DisableScriptedObjects (4ms)
		BackupInstance (0ms)
		ReleaseScriptingObjects (0ms)
		CreateAndSetChildDomain (16ms)
	RebuildCommonClasses (26ms)
	RebuildNativeTypeToScriptingClass (10ms)
	initialDomainReloadingComplete (28ms)
	LoadAllAssembliesAndSetupDomain (448ms)
		LoadAssemblies (210ms)
		RebuildTransferFunctionScriptingTraits (0ms)
		AnalyzeDomain (297ms)
			TypeCache.Refresh (277ms)
				TypeCache.ScanAssembly (210ms)
			ScanForSourceGeneratedMonoScriptInfo (14ms)
			ResolveRequiredComponents (4ms)
	FinalizeReload (561ms)
		ReleaseScriptCaches (0ms)
		RebuildScriptCaches (0ms)
		SetupLoadedEditorAssemblies (441ms)
			LogAssemblyErrors (0ms)
			InitializePlatformSupportModulesInManaged (29ms)
			SetLoadedEditorAssemblies (3ms)
			RefreshPlugins (0ms)
			BeforeProcessingInitializeOnLoad (43ms)
			ProcessInitializeOnLoadAttributes (348ms)
			ProcessInitializeOnLoadMethodAttributes (13ms)
			AfterProcessingInitializeOnLoad (4ms)
			EditorAssembliesLoaded (0ms)
		ExecutionOrderSort2 (0ms)
		AwakeInstancesAfterBackupRestoration (4ms)
Launched and connected shader compiler UnityShaderCompiler.exe after 0.05 seconds
Refreshing native plugins compatible for Editor in 3.34 ms, found 4 plugins.
Preloading 0 native plugins for Editor in 0.00 ms.
Unloading 3473 Unused Serialized files (Serialized files now loaded: 0)
Unloading 64 unused Assets / (1.9 MB). Loaded Objects now: 3957.
Memory consumption went from 154.3 MB to 152.4 MB.
Total: 3.616100 ms (FindLiveObjects: 0.209900 ms CreateObjectMapping: 0.103900 ms MarkObjects: 3.006000 ms  DeleteObjects: 0.294900 ms)

AssetImportParameters requested are different than current active one (requested -> active):
  custom:container-demuxer-ogg: 62fdf1f143b41e24485cea50d1cbac27 -> 
  custom:video-codec-MediaFoundation-h265: 746d11721c4dcdbdad8f713fa42b33f4 -> 
  custom:video-decoder-ogg-theora: a1e56fd34408186e4bbccfd4996cb3dc -> 
  custom:framework-win-MediaFoundation: 216162199b28c13a410421893ffa2e32 -> 
  custom:CustomObjectIndexerAttribute: 9a22284fe3817be447336de3de66b15e -> 
  custom:container-demuxer-webm: 4f35f7cbe854078d1ac9338744f61a02 -> 
  custom:container-muxer-webm: aa71ff27fc2769a1b78a27578f13a17b -> 
  custom:video-decoder-webm-vp8: 9c59270c3fd7afecdb556c50c9e8de78 -> 
  custom:SearchIndexIgnoredProperties: e643bd26f0fe6173181afceb89e7c659 -> 
  custom:AudioImporter_EditorPlatform: d09bf68614088b80899f8185d706f6e7 -> 
  custom:video-encoder-webm-vp8: eb34c28f22e8b96e1ab97ce403110664 -> 
  custom:audio-decoder-ogg-vorbis: bf7c407c2cedff20999df2af8eb42d56 -> 
  custom:audio-encoder-webm-vorbis: bf7c407c2cedff20999df2af8eb42d56 -> 
========================================================================
Received Import Request.
  Time since last request: 613326.500713 seconds.
  path: Assets/UMotionEditor/Manual/images/ClipEditorCurveView.png
  artifactKey: Guid(a8a49917659863546be2d2605f906424) Importer(-1,00000000000000000000000000000000)
Start importing Assets/UMotionEditor/Manual/images/ClipEditorCurveView.png using Guid(a8a49917659863546be2d2605f906424) Importer(-1,00000000000000000000000000000000)  -> (artifact id: '82da5187544d3c8e5188396552d7d94d') in 0.052048 seconds
Number of updated asset objects reloaded before import = 0
Number of asset objects unloaded after import = 0
========================================================================
Received Import Request.
  Time since last request: 0.000025 seconds.
  path: Assets/UMotionEditor/Manual/images/PoseEditorChannels.png
  artifactKey: Guid(fe6b12bf7fa04104ba5db5fe93d58c70) Importer(-1,00000000000000000000000000000000)
Start importing Assets/UMotionEditor/Manual/images/PoseEditorChannels.png using Guid(fe6b12bf7fa04104ba5db5fe93d58c70) Importer(-1,00000000000000000000000000000000)  -> (artifact id: '4c01da6955a4cdc453050dcae3baf61b') in 0.004762 seconds
Number of updated asset objects reloaded before import = 0
Number of asset objects unloaded after import = 0
========================================================================
Received Import Request.
  Time since last request: 0.000017 seconds.
  path: Assets/UMotionEditor/Manual/images/ClipEditorPlaybackRootMotion.png
  artifactKey: Guid(d3e16afc13cd6a8459c393c2e1f17947) Importer(-1,00000000000000000000000000000000)
Start importing Assets/UMotionEditor/Manual/images/ClipEditorPlaybackRootMotion.png using Guid(d3e16afc13cd6a8459c393c2e1f17947) Importer(-1,00000000000000000000000000000000)  -> (artifact id: '2dc6951bc2a45fceefb61d939ba3bc3a') in 0.005794 seconds
Number of updated asset objects reloaded before import = 0
Number of asset objects unloaded after import = 0
========================================================================
Received Import Request.
  Time since last request: 0.000018 seconds.
  path: Assets/UMotionEditor/Manual/images/NewProjectDialog.png
  artifactKey: Guid(552b1791c699a8144a0670db8e541363) Importer(-1,00000000000000000000000000000000)
Start importing Assets/UMotionEditor/Manual/images/NewProjectDialog.png using Guid(552b1791c699a8144a0670db8e541363) Importer(-1,00000000000000000000000000000000)  -> (artifact id: '60d8801c75b3731c0f05418ae8953b9c') in 0.015688 seconds
Number of updated asset objects reloaded before import = 0
Number of asset objects unloaded after import = 0
========================================================================
Received Import Request.
  Time since last request: 0.000016 seconds.
  path: Assets/UMotionEditor/Manual/images/ClipEditorPrevKeyFrame.png
  artifactKey: Guid(54b64157c74c66c4ba75b65f7ed0dd2c) Importer(-1,00000000000000000000000000000000)
Start importing Assets/UMotionEditor/Manual/images/ClipEditorPrevKeyFrame.png using Guid(54b64157c74c66c4ba75b65f7ed0dd2c) Importer(-1,00000000000000000000000000000000)  -> (artifact id: '4a29c4cf84495ccc8ea22b080f9430b7') in 0.005271 seconds
Number of updated asset objects reloaded before import = 0
Number of asset objects unloaded after import = 0
========================================================================
Received Import Request.
  Time since last request: 0.000017 seconds.
  path: Assets/UMotionEditor/Manual/images/ChildOfConstraintSetup.png
  artifactKey: Guid(e1c192340952e0c4aaf4d1f4bb4d4636) Importer(-1,00000000000000000000000000000000)
Start importing Assets/UMotionEditor/Manual/images/ChildOfConstraintSetup.png using Guid(e1c192340952e0c4aaf4d1f4bb4d4636) Importer(-1,00000000000000000000000000000000)  -> (artifact id: 'b067b0c841b82b238437899209e20e6d') in 0.005620 seconds
Number of updated asset objects reloaded before import = 0
Number of asset objects unloaded after import = 0
========================================================================
Received Import Request.
  Time since last request: 0.000041 seconds.
  path: Assets/UMotionEditor/Manual/images/IKPlane.png
  artifactKey: Guid(46245baa94911f54faa00445711ed536) Importer(-1,00000000000000000000000000000000)
Start importing Assets/UMotionEditor/Manual/images/IKPlane.png using Guid(46245baa94911f54faa00445711ed536) Importer(-1,00000000000000000000000000000000)  -> (artifact id: 'f6f2f9ffb2f5dcde0248a49cdac20694') in 0.009455 seconds
Number of updated asset objects reloaded before import = 0
Number of asset objects unloaded after import = 0
========================================================================
Received Import Request.
  Time since last request: 0.000018 seconds.
  path: Assets/UMotionEditor/Manual/images/ExportFbxIssueCopyAvatar.png
  artifactKey: Guid(76b79d5d16d19bc4c875c3e467a70640) Importer(-1,00000000000000000000000000000000)
Start importing Assets/UMotionEditor/Manual/images/ExportFbxIssueCopyAvatar.png using Guid(76b79d5d16d19bc4c875c3e467a70640) Importer(-1,00000000000000000000000000000000)  -> (artifact id: 'c9664110b59538ab8c276cc9d425fa1d') in 0.008576 seconds
Number of updated asset objects reloaded before import = 0
Number of asset objects unloaded after import = 0
========================================================================
Received Import Request.
  Time since last request: 0.000020 seconds.
  path: Assets/UMotionEditor/Manual/images/LayersView.png
  artifactKey: Guid(16baec1334bbd3b4b934e7f7324de210) Importer(-1,00000000000000000000000000000000)
Start importing Assets/UMotionEditor/Manual/images/LayersView.png using Guid(16baec1334bbd3b4b934e7f7324de210) Importer(-1,00000000000000000000000000000000)  -> (artifact id: '5ccfa8fb88f4d58914892080fb17a103') in 0.081757 seconds
Number of updated asset objects reloaded before import = 0
Number of asset objects unloaded after import = 0
========================================================================
Received Import Request.
  Time since last request: 0.000014 seconds.
  path: Assets/UMotionEditor/InternalResources/Textures/UMotionTabLogo.png
  artifactKey: Guid(00d99e4cf26b52f478eb6bf369455882) Importer(-1,00000000000000000000000000000000)
Start importing Assets/UMotionEditor/InternalResources/Textures/UMotionTabLogo.png using Guid(00d99e4cf26b52f478eb6bf369455882) Importer(-1,00000000000000000000000000000000)  -> (artifact id: '99c4b1ecaff5fdfcdd02c49989380f59') in 0.005551 seconds
Number of updated asset objects reloaded before import = 0
Number of asset objects unloaded after import = 0
========================================================================
Received Import Request.
  Time since last request: 0.000102 seconds.
  path: Assets/UMotionEditor/Manual/images/ProjectSettings.png
  artifactKey: Guid(e4d1f326010d24d48974289d4d9c0eee) Importer(-1,00000000000000000000000000000000)
Start importing Assets/UMotionEditor/Manual/images/ProjectSettings.png using Guid(e4d1f326010d24d48974289d4d9c0eee) Importer(-1,00000000000000000000000000000000)  -> (artifact id: 'f88332238bd9b322096702a313266a90') in 0.013502 seconds
Number of updated asset objects reloaded before import = 0
Number of asset objects unloaded after import = 0
========================================================================
Received Import Request.
  Time since last request: 0.000081 seconds.
  path: Assets/UMotionEditor/Manual/images/ImportSettingsAnimationsRm.png
  artifactKey: Guid(d42ec7ef2da4da54e8c3ec154f674a91) Importer(-1,00000000000000000000000000000000)
Start importing Assets/UMotionEditor/Manual/images/ImportSettingsAnimationsRm.png using Guid(d42ec7ef2da4da54e8c3ec154f674a91) Importer(-1,00000000000000000000000000000000)  -> (artifact id: '3ee8ad505cf670deb2f7395775e5d406') in 0.008210 seconds
Number of updated asset objects reloaded before import = 0
Number of asset objects unloaded after import = 0
========================================================================
Received Import Request.
  Time since last request: 0.000015 seconds.
  path: Assets/UMotionEditor/Manual/images/ClipEditorAddClipButton.png
  artifactKey: Guid(8823e0bdbbd960d4193f7e4f4f96fdf6) Importer(-1,00000000000000000000000000000000)
Start importing Assets/UMotionEditor/Manual/images/ClipEditorAddClipButton.png using Guid(8823e0bdbbd960d4193f7e4f4f96fdf6) Importer(-1,00000000000000000000000000000000)  -> (artifact id: '480494c3832fe96900574fca43d68bf0') in 0.004455 seconds
Number of updated asset objects reloaded before import = 0
Number of asset objects unloaded after import = 0
========================================================================
Received Import Request.
  Time since last request: 0.000064 seconds.
  path: Assets/UMotionEditor/Manual/images/PoseEditorMirrorMappingEdit.png
  artifactKey: Guid(31754f1cf32233b4689b9d3428d7bb23) Importer(-1,00000000000000000000000000000000)
Start importing Assets/UMotionEditor/Manual/images/PoseEditorMirrorMappingEdit.png using Guid(31754f1cf32233b4689b9d3428d7bb23) Importer(-1,00000000000000000000000000000000)  -> (artifact id: '41ab303c890a35ecfcaa48267f253981') in 0.003709 seconds
Number of updated asset objects reloaded before import = 0
Number of asset objects unloaded after import = 0
========================================================================
Received Import Request.
  Time since last request: 0.000079 seconds.
  path: Assets/UMotionEditor/Manual/images/ClipEditorMenuBarHelp.png
  artifactKey: Guid(932c993cb0b2b0649a7aea85cbaedc43) Importer(-1,00000000000000000000000000000000)
Start importing Assets/UMotionEditor/Manual/images/ClipEditorMenuBarHelp.png using Guid(932c993cb0b2b0649a7aea85cbaedc43) Importer(-1,00000000000000000000000000000000)  -> (artifact id: 'a99fdbfdb90b6119e146e7579ca110be') in 0.006342 seconds
Number of updated asset objects reloaded before import = 0
Number of asset objects unloaded after import = 0
========================================================================
Received Import Request.
  Time since last request: 0.000018 seconds.
  path: Assets/UMotionEditor/Manual/images/ClipEditorExportAllClips.png
  artifactKey: Guid(b50ae01fce1bebf4192855975cf9f873) Importer(-1,00000000000000000000000000000000)
Start importing Assets/UMotionEditor/Manual/images/ClipEditorExportAllClips.png using Guid(b50ae01fce1bebf4192855975cf9f873) Importer(-1,00000000000000000000000000000000)  -> (artifact id: 'c91f9123d70cdc40a7117b80e6fec929') in 0.007852 seconds
Number of updated asset objects reloaded before import = 0
Number of asset objects unloaded after import = 0
========================================================================
Received Import Request.
  Time since last request: 0.000034 seconds.
  path: Assets/UMotionEditor/Manual/images/ClipEditorPropertyContextMenu.png
  artifactKey: Guid(3f4e276f17e6f3f48b1812c25c33bb2e) Importer(-1,00000000000000000000000000000000)
Start importing Assets/UMotionEditor/Manual/images/ClipEditorPropertyContextMenu.png using Guid(3f4e276f17e6f3f48b1812c25c33bb2e) Importer(-1,00000000000000000000000000000000)  -> (artifact id: '0a1c040690cc1955d45c33c9931bd8f3') in 0.008767 seconds
Number of updated asset objects reloaded before import = 0
Number of asset objects unloaded after import = 0
========================================================================
Received Import Request.
  Time since last request: 0.000145 seconds.
  path: Assets/UMotionEditor/Manual/images/ClipEditorMainNavigation.png
  artifactKey: Guid(b4f19be01db592c46a121bde5b9f4431) Importer(-1,00000000000000000000000000000000)
Start importing Assets/UMotionEditor/Manual/images/ClipEditorMainNavigation.png using Guid(b4f19be01db592c46a121bde5b9f4431) Importer(-1,00000000000000000000000000000000)  -> (artifact id: '01c92723389e1b85a3c6948418895709') in 0.005733 seconds
Number of updated asset objects reloaded before import = 0
Number of asset objects unloaded after import = 0
========================================================================
Received Import Request.
  Time since last request: 0.000019 seconds.
  path: Assets/UMotionEditor/Manual/images/PoseEditorAnimation.png
  artifactKey: Guid(cf365ff3b9f2fb14ca9de54f9c6a9223) Importer(-1,00000000000000000000000000000000)
Start importing Assets/UMotionEditor/Manual/images/PoseEditorAnimation.png using Guid(cf365ff3b9f2fb14ca9de54f9c6a9223) Importer(-1,00000000000000000000000000000000)  -> (artifact id: '8d41658c0aa6de41a9b45306dcc99e56') in 0.010792 seconds
Number of updated asset objects reloaded before import = 0
Number of asset objects unloaded after import = 0
========================================================================
Received Import Request.
  Time since last request: 0.000025 seconds.
  path: Assets/UMotionEditor/Manual/images/UMotionLockedHierachy.png
  artifactKey: Guid(41ce3cb072b57b44eaafe927a4190025) Importer(-1,00000000000000000000000000000000)
Start importing Assets/UMotionEditor/Manual/images/UMotionLockedHierachy.png using Guid(41ce3cb072b57b44eaafe927a4190025) Importer(-1,00000000000000000000000000000000)  -> (artifact id: '2dd06c2a270139ed03f46bed1c5bf3f1') in 0.005415 seconds
Number of updated asset objects reloaded before import = 0
Number of asset objects unloaded after import = 0
========================================================================
Received Import Request.
  Time since last request: 0.000039 seconds.
  path: Assets/UMotionEditor/Manual/images/IKPinning2Keys.png
  artifactKey: Guid(36a8c0b00d3da6f4483be05ad9d1c207) Importer(-1,00000000000000000000000000000000)
Start importing Assets/UMotionEditor/Manual/images/IKPinning2Keys.png using Guid(36a8c0b00d3da6f4483be05ad9d1c207) Importer(-1,00000000000000000000000000000000)  -> (artifact id: 'b099130be720492391c6b4b32219f00f') in 0.008263 seconds
Number of updated asset objects reloaded before import = 0
Number of asset objects unloaded after import = 0
========================================================================
Received Import Request.
  Time since last request: 0.000028 seconds.
  path: Assets/UMotionEditor/Manual/images/MuscleGroupsUpperBody.png
  artifactKey: Guid(516f7331663e8a2438b3e532c1542f3b) Importer(-1,00000000000000000000000000000000)
Start importing Assets/UMotionEditor/Manual/images/MuscleGroupsUpperBody.png using Guid(516f7331663e8a2438b3e532c1542f3b) Importer(-1,00000000000000000000000000000000)  -> (artifact id: '61fb1cca3205313bd05f8353030f5dae') in 0.069632 seconds
Number of updated asset objects reloaded before import = 0
Number of asset objects unloaded after import = 0
========================================================================
Received Import Request.
  Time since last request: 0.000495 seconds.
  path: Assets/UMotionEditor/Manual/styles/TreeViewCollapse.png
  artifactKey: Guid(3cbf64f765b7db741a1364e3b52bd6d6) Importer(-1,00000000000000000000000000000000)
Start importing Assets/UMotionEditor/Manual/styles/TreeViewCollapse.png using Guid(3cbf64f765b7db741a1364e3b52bd6d6) Importer(-1,00000000000000000000000000000000)  -> (artifact id: 'c39c34a7d164850af16c5b971163bd99') in 0.004538 seconds
Number of updated asset objects reloaded before import = 0
Number of asset objects unloaded after import = 0
Editor requested this worker to shutdown with reason: Scaling down because of idle timeout
TcpMessagingSession - receive error: operation aborted. errorcode: 995, details: Der E/A-Vorgang wurde wegen eines Threadendes oder einer Anwendungsanforderung abgebrochen.
AssetImportWorker is now disconnected from the server
Process exiting
Exiting without the bug reporter. Application will terminate with return code 0